4,tutor.p65,BYTE,0
5,tutor.p65,BYTE,0
8,tutor.p65,BYTE,0
11,tutor.p65,BYTE,0
15,tutor.p65,BYTE,0
18,tutor.p65,BYTE,0
5,tutorprg.p65,LABEL,0
20,tutorprg.p65,LABEL,0
20,tutorprg.p65,SETPC,0
21,tutorprg.p65,SETPC,0
22,tutorprg.p65,LABEL,0
22,tutorprg.p65,SETPC,0
23,tutorprg.p65,LABEL,0
23,tutorprg.p65,SETPC,0
24,tutorprg.p65,LABEL,0
24,tutorprg.p65,SETPC,0
31,tutorprg.p65,LABEL,0
31,tutorprg.p65,SETPC,0
32,tutorprg.p65,SETPC,0
34,tutorprg.p65,LABEL,0
34,tutorprg.p65,IMPLIED,0
35,tutorprg.p65,IMPLIED,0
37,tutorprg.p65,LABEL,0
37,tutorprg.p65,MEMORY,0
38,tutorprg.p65,MEMORY,0
39,tutorprg.p65,LABEL,0
39,tutorprg.p65,MEMORY,0
40,tutorprg.p65,MEMORY,0
43,tutorprg.p65,IMMEDIATE,0
44,tutorprg.p65,IMMEDIATE,0
45,tutorprg.p65,LABEL,0
45,tutorprg.p65,MEMORY-X,0
46,tutorprg.p65,MEMORY-X,0
47,tutorprg.p65,MEMORY-X,0
48,tutorprg.p65,MEMORY-X,0
49,tutorprg.p65,MEMORY-X,0
50,tutorprg.p65,MEMORY-X,0
51,tutorprg.p65,MEMORY-X,0
52,tutorprg.p65,MEMORY-X,0
53,tutorprg.p65,IMPLIED,0
54,tutorprg.p65,MEMORY,0
57,tutorprg.p65,IMMEDIATE,0
58,tutorprg.p65,IMPLIED,0
61,tutorprg.p65,IMMEDIATE,0
62,tutorprg.p65,MEMORY,0
63,tutorprg.p65,MEMORY,0
65,tutorprg.p65,MEMORY,0
66,tutorprg.p65,MEMORY,0
67,tutorprg.p65,MEMORY,0
71,tutorprg.p65,IMMEDIATE,0
72,tutorprg.p65,MEMORY,0
73,tutorprg.p65,IMMEDIATE,0
74,tutorprg.p65,MEMORY,0
76,tutorprg.p65,IMPLIED,0
79,tutorprg.p65,LABEL,0
79,tutorprg.p65,MEMORY,0
81,tutorprg.p65,LABEL,0
82,tutorprg.p65,MEMORY,0
83,tutorprg.p65,MEMORY,0
84,tutorprg.p65,MEMORY,0
85,tutorprg.p65,MEMORY,0
86,tutorprg.p65,IMPLIED,0
88,tutorprg.p65,LABEL,0
90,tutorprg.p65,IMMEDIATE,0
91,tutorprg.p65,MEMORY,0
92,tutorprg.p65,IMPLIED,0
94,tutorprg.p65,LABEL,0
96,tutorprg.p65,IMMEDIATE,0
97,tutorprg.p65,MEMORY,0
98,tutorprg.p65,IMMEDIATE,0
99,tutorprg.p65,MEMORY,0
100,tutorprg.p65,IMMEDIATE,0
101,tutorprg.p65,MEMORY,0
102,tutorprg.p65,IMPLIED,0
104,tutorprg.p65,LABEL,0
106,tutorprg.p65,IMMEDIATE,0
107,tutorprg.p65,IMMEDIATE,0
108,tutorprg.p65,LABEL,0
108,tutorprg.p65,MEMORY-X,0
109,tutorprg.p65,IMPLIED,0
110,tutorprg.p65,MEMORY,0
113,tutorprg.p65,IMMEDIATE,0
114,tutorprg.p65,MEMORY,0
115,tutorprg.p65,IMMEDIATE,0
116,tutorprg.p65,MEMORY,0
117,tutorprg.p65,MEMORY,0
121,tutorprg.p65,IMMEDIATE,0
122,tutorprg.p65,MEMORY,0
123,tutorprg.p65,IMPLIED,0
126,tutorprg.p65,LABEL,0
127,tutorprg.p65,IMMEDIATE,0
128,tutorprg.p65,IMMEDIATE,0
129,tutorprg.p65,MEMORY,0
130,tutorprg.p65,MEMORY,0
131,tutorprg.p65,LABEL,0
131,tutorprg.p65,MEMORY-X,0
132,tutorprg.p65,MEMORY,0
133,tutorprg.p65,IMPLIED,0
134,tutorprg.p65,IMMEDIATE,0
135,tutorprg.p65,MEMORY,0
136,tutorprg.p65,IMPLIED,0
138,tutorprg.p65,LABEL,0
140,tutorprg.p65,IMMEDIATE,0
141,tutorprg.p65,IMMEDIATE,0
142,tutorprg.p65,IMMEDIATE,0
143,tutorprg.p65,MEMORY,0
144,tutorprg.p65,IMMEDIATE,0
145,tutorprg.p65,MEMORY,0
146,tutorprg.p65,IMMEDIATE,0
147,tutorprg.p65,MEMORY,0
148,tutorprg.p65,IMMEDIATE,0
149,tutorprg.p65,MEMORY,0
150,tutorprg.p65,LABEL,0
150,tutorprg.p65,INDIRECT-Y,0
151,tutorprg.p65,MEMORY,0
152,tutorprg.p65,IMPLIED,0
153,tutorprg.p65,MEMORY,0
154,tutorprg.p65,MEMORY,0
155,tutorprg.p65,IMPLIED,0
156,tutorprg.p65,MEMORY,0
159,tutorprg.p65,IMMEDIATE,0
160,tutorprg.p65,IMMEDIATE,0
161,tutorprg.p65,IMMEDIATE,0
162,tutorprg.p65,LABEL,0
162,tutorprg.p65,MEMORY,0
163,tutorprg.p65,IMPLIED,0
164,tutorprg.p65,MEMORY,0
165,tutorprg.p65,IMPLIED,0
166,tutorprg.p65,MEMORY,0
167,tutorprg.p65,IMPLIED,0
169,tutorprg.p65,LABEL,0
170,tutorprg.p65,IMMEDIATE,0
171,tutorprg.p65,MEMORY,0
172,tutorprg.p65,IMPLIED,0
174,tutorprg.p65,LABEL,0
175,tutorprg.p65,IMMEDIATE,0
176,tutorprg.p65,MEMORY,0
178,tutorprg.p65,MEMORY,0
179,tutorprg.p65,MEMORY,0
180,tutorprg.p65,IMMEDIATE,0
181,tutorprg.p65,MEMORY,0
183,tutorprg.p65,IMMEDIATE,0
184,tutorprg.p65,MEMORY,0
185,tutorprg.p65,MEMORY,0
186,tutorprg.p65,MEMORY,0
187,tutorprg.p65,LABEL,0
188,tutorprg.p65,IMMEDIATE,0
189,tutorprg.p65,MEMORY,0
190,tutorprg.p65,MEMORY,0
192,tutorprg.p65,LABEL,0
193,tutorprg.p65,IMPLIED,0
194,tutorprg.p65,MEMORY,0
195,tutorprg.p65,MEMORY,0
196,tutorprg.p65,IMPLIED,0
198,tutorprg.p65,LABEL,0
199,tutorprg.p65,IMMEDIATE,0
200,tutorprg.p65,MEMORY,0
201,tutorprg.p65,IMMEDIATE,0
202,tutorprg.p65,MEMORY,0
204,tutorprg.p65,MEMORY,0
205,tutorprg.p65,IMMEDIATE,0
206,tutorprg.p65,MEMORY,0
207,tutorprg.p65,MEMORY,0
208,tutorprg.p65,MEMORY,0
209,tutorprg.p65,MEMORY,0
210,tutorprg.p65,MEMORY,0
211,tutorprg.p65,MEMORY,0
212,tutorprg.p65,LABEL,0
212,tutorprg.p65,MEMORY,0
213,tutorprg.p65,LABEL,0
213,tutorprg.p65,MEMORY,0
214,tutorprg.p65,MEMORY,0
215,tutorprg.p65,MEMORY,0
216,tutorprg.p65,MEMORY,0
217,tutorprg.p65,IMMEDIATE,0
218,tutorprg.p65,MEMORY,0
219,tutorprg.p65,MEMORY,0
220,tutorprg.p65,IMMEDIATE,0
221,tutorprg.p65,MEMORY,0
222,tutorprg.p65,IMPLIED,0
223,tutorprg.p65,MEMORY,0
224,tutorprg.p65,LABEL,0
224,tutorprg.p65,MEMORY,0
225,tutorprg.p65,IMMEDIATE,0
226,tutorprg.p65,MEMORY,0
227,tutorprg.p65,MEMORY,0
228,tutorprg.p65,IMMEDIATE,0
229,tutorprg.p65,MEMORY,0
230,tutorprg.p65,IMPLIED,0
231,tutorprg.p65,MEMORY,0
232,tutorprg.p65,LABEL,0
232,tutorprg.p65,IMPLIED,0
234,tutorprg.p65,LABEL,0
235,tutorprg.p65,IMMEDIATE,0
236,tutorprg.p65,MEMORY,0
237,tutorprg.p65,IMPLIED,0
238,tutorprg.p65,IMMEDIATE,0
239,tutorprg.p65,MEMORY,0
240,tutorprg.p65,MEMORY,0
241,tutorprg.p65,IMPLIED,0
243,tutorprg.p65,LABEL,0
244,tutorprg.p65,IMMEDIATE,0
245,tutorprg.p65,MEMORY,0
246,tutorprg.p65,MEMORY,0
248,tutorprg.p65,MEMORY,0
249,tutorprg.p65,MEMORY,0
250,tutorprg.p65,IMPLIED,0
251,tutorprg.p65,MEMORY,0
252,tutorprg.p65,IMMEDIATE,0
253,tutorprg.p65,MEMORY,0
254,tutorprg.p65,MEMORY,0
256,tutorprg.p65,LABEL,0
257,tutorprg.p65,IMPLIED,0
259,tutorprg.p65,LABEL,0
260,tutorprg.p65,IMPLIED,0
261,tutorprg.p65,IMMEDIATE,0
262,tutorprg.p65,MEMORY,0
263,tutorprg.p65,IMMEDIATE,0
264,tutorprg.p65,MEMORY,0
265,tutorprg.p65,IMMEDIATE,0
266,tutorprg.p65,MEMORY,0
267,tutorprg.p65,IMPLIED,0
268,tutorprg.p65,IMPLIED,0
270,tutorprg.p65,LABEL,0
271,tutorprg.p65,IMPLIED,0
272,tutorprg.p65,IMMEDIATE,0
273,tutorprg.p65,MEMORY,0
274,tutorprg.p65,IMMEDIATE,0
275,tutorprg.p65,MEMORY,0
276,tutorprg.p65,IMMEDIATE,0
277,tutorprg.p65,MEMORY,0
278,tutorprg.p65,IMPLIED,0
279,tutorprg.p65,IMPLIED,0
281,tutorprg.p65,LABEL,0
281,tutorprg.p65,MEMORY,0
282,tutorprg.p65,MEMORY,0
283,tutorprg.p65,MEMORY,0
284,tutorprg.p65,LABEL,0
284,tutorprg.p65,IMPLIED,0
287,tutorprg.p65,LABEL,0
288,tutorprg.p65,BYTE,0
289,tutorprg.p65,BYTE,0
292,tutorprg.p65,LABEL,0
293,tutorprg.p65,BYTE,0
294,tutorprg.p65,BYTE,0
295,tutorprg.p65,BYTE,0
296,tutorprg.p65,BYTE,0
297,tutorprg.p65,BYTE,0
298,tutorprg.p65,BYTE,0
299,tutorprg.p65,BYTE,0
300,tutorprg.p65,BYTE,0
301,tutorprg.p65,BYTE,0
302,tutorprg.p65,BYTE,0
303,tutorprg.p65,BYTE,0
304,tutorprg.p65,BYTE,0
305,tutorprg.p65,BYTE,0
306,tutorprg.p65,BYTE,0
307,tutorprg.p65,BYTE,0
308,tutorprg.p65,BYTE,0
309,tutorprg.p65,BYTE,0
310,tutorprg.p65,BYTE,0
311,tutorprg.p65,BYTE,0
312,tutorprg.p65,BYTE,0
313,tutorprg.p65,BYTE,0
314,tutorprg.p65,BYTE,0
315,tutorprg.p65,BYTE,0
316,tutorprg.p65,BYTE,0
317,tutorprg.p65,BYTE,0
318,tutorprg.p65,BYTE,0
319,tutorprg.p65,BYTE,0
320,tutorprg.p65,BYTE,0
321,tutorprg.p65,BYTE,0
322,tutorprg.p65,BYTE,0
324,tutorprg.p65,BYTE,0
325,tutorprg.p65,BYTE,0
326,tutorprg.p65,BYTE,0
327,tutorprg.p65,BYTE,0
329,tutorprg.p65,ADVANCE,0
330,tutorprg.p65,WORD,0
8,tutorchr.p65,SETPC,0
18,tutorchr.p65,ADVANCE,0
19,tutorchr.p65,BYTE,0
20,tutorchr.p65,BYTE,0
21,tutorchr.p65,BYTE,0
22,tutorchr.p65,BYTE,0
23,tutorchr.p65,BYTE,0
24,tutorchr.p65,BYTE,0
25,tutorchr.p65,BYTE,0
26,tutorchr.p65,BYTE,0
27,tutorchr.p65,BYTE,0
28,tutorchr.p65,BYTE,0
29,tutorchr.p65,BYTE,0
30,tutorchr.p65,BYTE,0
31,tutorchr.p65,BYTE,0
32,tutorchr.p65,BYTE,0
33,tutorchr.p65,BYTE,0
34,tutorchr.p65,BYTE,0
35,tutorchr.p65,BYTE,0
36,tutorchr.p65,BYTE,0
37,tutorchr.p65,BYTE,0
38,tutorchr.p65,BYTE,0
39,tutorchr.p65,BYTE,0
40,tutorchr.p65,BYTE,0
41,tutorchr.p65,BYTE,0
42,tutorchr.p65,BYTE,0
43,tutorchr.p65,BYTE,0
44,tutorchr.p65,BYTE,0
45,tutorchr.p65,BYTE,0
46,tutorchr.p65,BYTE,0
47,tutorchr.p65,BYTE,0
48,tutorchr.p65,BYTE,0
49,tutorchr.p65,BYTE,0
50,tutorchr.p65,BYTE,0
51,tutorchr.p65,BYTE,0
52,tutorchr.p65,BYTE,0
53,tutorchr.p65,BYTE,0
54,tutorchr.p65,BYTE,0
55,tutorchr.p65,BYTE,0
56,tutorchr.p65,BYTE,0
57,tutorchr.p65,BYTE,0
58,tutorchr.p65,BYTE,0
59,tutorchr.p65,BYTE,0
60,tutorchr.p65,BYTE,0
61,tutorchr.p65,BYTE,0
62,tutorchr.p65,BYTE,0
63,tutorchr.p65,BYTE,0
64,tutorchr.p65,BYTE,0
65,tutorchr.p65,BYTE,0
66,tutorchr.p65,BYTE,0
67,tutorchr.p65,BYTE,0
68,tutorchr.p65,BYTE,0
69,tutorchr.p65,BYTE,0
70,tutorchr.p65,BYTE,0
71,tutorchr.p65,BYTE,0
72,tutorchr.p65,BYTE,0
73,tutorchr.p65,BYTE,0
74,tutorchr.p65,BYTE,0
75,tutorchr.p65,BYTE,0
76,tutorchr.p65,BYTE,0
77,tutorchr.p65,BYTE,0
78,tutorchr.p65,BYTE,0
79,tutorchr.p65,BYTE,0
80,tutorchr.p65,BYTE,0
81,tutorchr.p65,BYTE,0
82,tutorchr.p65,BYTE,0
85,tutorchr.p65,ADVANCE,0
90,tutorchr.p65,BYTE,0
91,tutorchr.p65,BYTE,0
95,tutorchr.p65,ADVANCE,0
4,tutor.p65,BYTE,0
5,tutor.p65,BYTE,0
8,tutor.p65,BYTE,0
11,tutor.p65,BYTE,0
15,tutor.p65,BYTE,0
18,tutor.p65,BYTE,0
5,tutorprg.p65,LABEL,0
20,tutorprg.p65,LABEL,0
20,tutorprg.p65,SETPC,0
21,tutorprg.p65,SETPC,0
22,tutorprg.p65,LABEL,0
22,tutorprg.p65,SETPC,0
23,tutorprg.p65,LABEL,0
23,tutorprg.p65,SETPC,0
24,tutorprg.p65,LABEL,0
24,tutorprg.p65,SETPC,0
31,tutorprg.p65,LABEL,0
31,tutorprg.p65,SETPC,0
32,tutorprg.p65,SETPC,0
34,tutorprg.p65,LABEL,0
34,tutorprg.p65,IMPLIED,0
35,tutorprg.p65,IMPLIED,0
37,tutorprg.p65,LABEL,0
37,tutorprg.p65,ABSOLUTE,0
38,tutorprg.p65,RELATIVE,0
39,tutorprg.p65,LABEL,0
39,tutorprg.p65,ABSOLUTE,0
40,tutorprg.p65,RELATIVE,0
43,tutorprg.p65,IMMEDIATE,0
44,tutorprg.p65,IMMEDIATE,0
45,tutorprg.p65,LABEL,0
45,tutorprg.p65,ZERO-PAGE-X,0
46,tutorprg.p65,ABSOLUTE-X,0
47,tutorprg.p65,ABSOLUTE-X,0
48,tutorprg.p65,ABSOLUTE-X,0
49,tutorprg.p65,ABSOLUTE-X,0
50,tutorprg.p65,ABSOLUTE-X,0
51,tutorprg.p65,ABSOLUTE-X,0
52,tutorprg.p65,ABSOLUTE-X,0
53,tutorprg.p65,IMPLIED,0
54,tutorprg.p65,RELATIVE,0
57,tutorprg.p65,IMMEDIATE,0
58,tutorprg.p65,IMPLIED,0
61,tutorprg.p65,IMMEDIATE,0
62,tutorprg.p65,ABSOLUTE,0
63,tutorprg.p65,ABSOLUTE,0
65,tutorprg.p65,MEMORY,0
66,tutorprg.p65,MEMORY,0
67,tutorprg.p65,MEMORY,0
71,tutorprg.p65,IMMEDIATE,0
72,tutorprg.p65,ABSOLUTE,0
73,tutorprg.p65,IMMEDIATE,0
74,tutorprg.p65,ABSOLUTE,0
76,tutorprg.p65,IMPLIED,0
79,tutorprg.p65,LABEL,0
79,tutorprg.p65,MEMORY,0
81,tutorprg.p65,LABEL,0
82,tutorprg.p65,MEMORY,0
83,tutorprg.p65,MEMORY,0
84,tutorprg.p65,MEMORY,0
85,tutorprg.p65,MEMORY,0
86,tutorprg.p65,IMPLIED,0
88,tutorprg.p65,LABEL,0
90,tutorprg.p65,IMMEDIATE,0
91,tutorprg.p65,MEMORY,0
92,tutorprg.p65,IMPLIED,0
94,tutorprg.p65,LABEL,0
96,tutorprg.p65,IMMEDIATE,0
97,tutorprg.p65,ABSOLUTE,0
98,tutorprg.p65,IMMEDIATE,0
99,tutorprg.p65,ABSOLUTE,0
100,tutorprg.p65,IMMEDIATE,0
101,tutorprg.p65,ABSOLUTE,0
102,tutorprg.p65,IMPLIED,0
104,tutorprg.p65,LABEL,0
106,tutorprg.p65,IMMEDIATE,0
107,tutorprg.p65,IMMEDIATE,0
108,tutorprg.p65,LABEL,0
108,tutorprg.p65,MEMORY-X,0
109,tutorprg.p65,IMPLIED,0
110,tutorprg.p65,RELATIVE,0
113,tutorprg.p65,IMMEDIATE,0
114,tutorprg.p65,MEMORY,0
115,tutorprg.p65,IMMEDIATE,0
116,tutorprg.p65,MEMORY,0
117,tutorprg.p65,MEMORY,0
121,tutorprg.p65,IMMEDIATE,0
122,tutorprg.p65,MEMORY,0
123,tutorprg.p65,IMPLIED,0
126,tutorprg.p65,LABEL,0
127,tutorprg.p65,IMMEDIATE,0
128,tutorprg.p65,IMMEDIATE,0
129,tutorprg.p65,ABSOLUTE,0
130,tutorprg.p65,ABSOLUTE,0
131,tutorprg.p65,LABEL,0
131,tutorprg.p65,MEMORY-X,0
132,tutorprg.p65,ABSOLUTE,0
133,tutorprg.p65,IMPLIED,0
134,tutorprg.p65,IMMEDIATE,0
135,tutorprg.p65,RELATIVE,0
136,tutorprg.p65,IMPLIED,0
138,tutorprg.p65,LABEL,0
140,tutorprg.p65,IMMEDIATE,0
141,tutorprg.p65,IMMEDIATE,0
142,tutorprg.p65,IMMEDIATE,0
143,tutorprg.p65,ZERO-PAGE,0
144,tutorprg.p65,IMMEDIATE,0
145,tutorprg.p65,ZERO-PAGE,0
146,tutorprg.p65,IMMEDIATE,0
147,tutorprg.p65,ABSOLUTE,0
148,tutorprg.p65,IMMEDIATE,0
149,tutorprg.p65,ABSOLUTE,0
150,tutorprg.p65,LABEL,0
150,tutorprg.p65,INDIRECT-Y,0
151,tutorprg.p65,ABSOLUTE,0
152,tutorprg.p65,IMPLIED,0
153,tutorprg.p65,RELATIVE,0
154,tutorprg.p65,ZERO-PAGE,0
155,tutorprg.p65,IMPLIED,0
156,tutorprg.p65,RELATIVE,0
159,tutorprg.p65,IMMEDIATE,0
160,tutorprg.p65,IMMEDIATE,0
161,tutorprg.p65,IMMEDIATE,0
162,tutorprg.p65,LABEL,0
162,tutorprg.p65,ABSOLUTE,0
163,tutorprg.p65,IMPLIED,0
164,tutorprg.p65,RELATIVE,0
165,tutorprg.p65,IMPLIED,0
166,tutorprg.p65,RELATIVE,0
167,tutorprg.p65,IMPLIED,0
169,tutorprg.p65,LABEL,0
170,tutorprg.p65,IMMEDIATE,0
171,tutorprg.p65,MEMORY,0
172,tutorprg.p65,IMPLIED,0
174,tutorprg.p65,LABEL,0
175,tutorprg.p65,IMMEDIATE,0
176,tutorprg.p65,ABSOLUTE,0
178,tutorprg.p65,MEMORY,0
179,tutorprg.p65,RELATIVE,0
180,tutorprg.p65,IMMEDIATE,0
181,tutorprg.p65,RELATIVE,0
183,tutorprg.p65,IMMEDIATE,0
184,tutorprg.p65,MEMORY,0
185,tutorprg.p65,MEMORY,0
186,tutorprg.p65,MEMORY,0
187,tutorprg.p65,LABEL,0
188,tutorprg.p65,IMMEDIATE,0
189,tutorprg.p65,MEMORY,0
190,tutorprg.p65,MEMORY,0
192,tutorprg.p65,LABEL,0
193,tutorprg.p65,IMPLIED,0
194,tutorprg.p65,MEMORY,0
195,tutorprg.p65,MEMORY,0
196,tutorprg.p65,IMPLIED,0
198,tutorprg.p65,LABEL,0
199,tutorprg.p65,IMMEDIATE,0
200,tutorprg.p65,ABSOLUTE,0
201,tutorprg.p65,IMMEDIATE,0
202,tutorprg.p65,ABSOLUTE,0
204,tutorprg.p65,ABSOLUTE,0
205,tutorprg.p65,IMMEDIATE,0
206,tutorprg.p65,RELATIVE,0
207,tutorprg.p65,MEMORY,0
208,tutorprg.p65,RELATIVE,0
209,tutorprg.p65,MEMORY,0
210,tutorprg.p65,MEMORY,0
211,tutorprg.p65,MEMORY,0
212,tutorprg.p65,LABEL,0
212,tutorprg.p65,MEMORY,0
213,tutorprg.p65,LABEL,0
213,tutorprg.p65,ABSOLUTE,0
214,tutorprg.p65,ABSOLUTE,0
215,tutorprg.p65,ABSOLUTE,0
216,tutorprg.p65,ABSOLUTE,0
217,tutorprg.p65,IMMEDIATE,0
218,tutorprg.p65,RELATIVE,0
219,tutorprg.p65,MEMORY,0
220,tutorprg.p65,IMMEDIATE,0
221,tutorprg.p65,RELATIVE,0
222,tutorprg.p65,IMPLIED,0
223,tutorprg.p65,MEMORY,0
224,tutorprg.p65,LABEL,0
224,tutorprg.p65,ABSOLUTE,0
225,tutorprg.p65,IMMEDIATE,0
226,tutorprg.p65,RELATIVE,0
227,tutorprg.p65,MEMORY,0
228,tutorprg.p65,IMMEDIATE,0
229,tutorprg.p65,RELATIVE,0
230,tutorprg.p65,IMPLIED,0
231,tutorprg.p65,MEMORY,0
232,tutorprg.p65,LABEL,0
232,tutorprg.p65,IMPLIED,0
234,tutorprg.p65,LABEL,0
235,tutorprg.p65,IMMEDIATE,0
236,tutorprg.p65,MEMORY,0
237,tutorprg.p65,IMPLIED,0
238,tutorprg.p65,IMMEDIATE,0
239,tutorprg.p65,MEMORY,0
240,tutorprg.p65,MEMORY,0
241,tutorprg.p65,IMPLIED,0
243,tutorprg.p65,LABEL,0
244,tutorprg.p65,IMMEDIATE,0
245,tutorprg.p65,ABSOLUTE,0
246,tutorprg.p65,ABSOLUTE,0
248,tutorprg.p65,MEMORY,0
249,tutorprg.p65,RELATIVE,0
250,tutorprg.p65,IMPLIED,0
251,tutorprg.p65,MEMORY,0
252,tutorprg.p65,IMMEDIATE,0
253,tutorprg.p65,ABSOLUTE,0
254,tutorprg.p65,ABSOLUTE,0
256,tutorprg.p65,LABEL,0
257,tutorprg.p65,IMPLIED,0
259,tutorprg.p65,LABEL,0
260,tutorprg.p65,IMPLIED,0
261,tutorprg.p65,IMMEDIATE,0
262,tutorprg.p65,ABSOLUTE,0
263,tutorprg.p65,IMMEDIATE,0
264,tutorprg.p65,ABSOLUTE,0
265,tutorprg.p65,IMMEDIATE,0
266,tutorprg.p65,ABSOLUTE,0
267,tutorprg.p65,IMPLIED,0
268,tutorprg.p65,IMPLIED,0
270,tutorprg.p65,LABEL,0
271,tutorprg.p65,IMPLIED,0
272,tutorprg.p65,IMMEDIATE,0
273,tutorprg.p65,ABSOLUTE,0
274,tutorprg.p65,IMMEDIATE,0
275,tutorprg.p65,ABSOLUTE,0
276,tutorprg.p65,IMMEDIATE,0
277,tutorprg.p65,ABSOLUTE,0
278,tutorprg.p65,IMPLIED,0
279,tutorprg.p65,IMPLIED,0
281,tutorprg.p65,LABEL,0
281,tutorprg.p65,MEMORY,0
282,tutorprg.p65,MEMORY,0
283,tutorprg.p65,MEMORY,0
284,tutorprg.p65,LABEL,0
284,tutorprg.p65,IMPLIED,0
287,tutorprg.p65,LABEL,0
288,tutorprg.p65,BYTE,0
289,tutorprg.p65,BYTE,0
292,tutorprg.p65,LABEL,0
293,tutorprg.p65,BYTE,0
294,tutorprg.p65,BYTE,0
295,tutorprg.p65,BYTE,0
296,tutorprg.p65,BYTE,0
297,tutorprg.p65,BYTE,0
298,tutorprg.p65,BYTE,0
299,tutorprg.p65,BYTE,0
300,tutorprg.p65,BYTE,0
301,tutorprg.p65,BYTE,0
302,tutorprg.p65,BYTE,0
303,tutorprg.p65,BYTE,0
304,tutorprg.p65,BYTE,0
305,tutorprg.p65,BYTE,0
306,tutorprg.p65,BYTE,0
307,tutorprg.p65,BYTE,0
308,tutorprg.p65,BYTE,0
309,tutorprg.p65,BYTE,0
310,tutorprg.p65,BYTE,0
311,tutorprg.p65,BYTE,0
312,tutorprg.p65,BYTE,0
313,tutorprg.p65,BYTE,0
314,tutorprg.p65,BYTE,0
315,tutorprg.p65,BYTE,0
316,tutorprg.p65,BYTE,0
317,tutorprg.p65,BYTE,0
318,tutorprg.p65,BYTE,0
319,tutorprg.p65,BYTE,0
320,tutorprg.p65,BYTE,0
321,tutorprg.p65,BYTE,0
322,tutorprg.p65,BYTE,0
324,tutorprg.p65,BYTE,0
325,tutorprg.p65,BYTE,0
326,tutorprg.p65,BYTE,0
327,tutorprg.p65,BYTE,0
329,tutorprg.p65,ADVANCE,0
330,tutorprg.p65,WORD,0
8,tutorchr.p65,SETPC,0
18,tutorchr.p65,ADVANCE,0
19,tutorchr.p65,BYTE,0
20,tutorchr.p65,BYTE,0
21,tutorchr.p65,BYTE,0
22,tutorchr.p65,BYTE,0
23,tutorchr.p65,BYTE,0
24,tutorchr.p65,BYTE,0
25,tutorchr.p65,BYTE,0
26,tutorchr.p65,BYTE,0
27,tutorchr.p65,BYTE,0
28,tutorchr.p65,BYTE,0
29,tutorchr.p65,BYTE,0
30,tutorchr.p65,BYTE,0
31,tutorchr.p65,BYTE,0
32,tutorchr.p65,BYTE,0
33,tutorchr.p65,BYTE,0
34,tutorchr.p65,BYTE,0
35,tutorchr.p65,BYTE,0
36,tutorchr.p65,BYTE,0
37,tutorchr.p65,BYTE,0
38,tutorchr.p65,BYTE,0
39,tutorchr.p65,BYTE,0
40,tutorchr.p65,BYTE,0
41,tutorchr.p65,BYTE,0
42,tutorchr.p65,BYTE,0
43,tutorchr.p65,BYTE,0
44,tutorchr.p65,BYTE,0
45,tutorchr.p65,BYTE,0
46,tutorchr.p65,BYTE,0
47,tutorchr.p65,BYTE,0
48,tutorchr.p65,BYTE,0
49,tutorchr.p65,BYTE,0
50,tutorchr.p65,BYTE,0
51,tutorchr.p65,BYTE,0
52,tutorchr.p65,BYTE,0
53,tutorchr.p65,BYTE,0
54,tutorchr.p65,BYTE,0
55,tutorchr.p65,BYTE,0
56,tutorchr.p65,BYTE,0
57,tutorchr.p65,BYTE,0
58,tutorchr.p65,BYTE,0
59,tutorchr.p65,BYTE,0
60,tutorchr.p65,BYTE,0
61,tutorchr.p65,BYTE,0
62,tutorchr.p65,BYTE,0
63,tutorchr.p65,BYTE,0
64,tutorchr.p65,BYTE,0
65,tutorchr.p65,BYTE,0
66,tutorchr.p65,BYTE,0
67,tutorchr.p65,BYTE,0
68,tutorchr.p65,BYTE,0
69,tutorchr.p65,BYTE,0
70,tutorchr.p65,BYTE,0
71,tutorchr.p65,BYTE,0
72,tutorchr.p65,BYTE,0
73,tutorchr.p65,BYTE,0
74,tutorchr.p65,BYTE,0
75,tutorchr.p65,BYTE,0
76,tutorchr.p65,BYTE,0
77,tutorchr.p65,BYTE,0
78,tutorchr.p65,BYTE,0
79,tutorchr.p65,BYTE,0
80,tutorchr.p65,BYTE,0
81,tutorchr.p65,BYTE,0
82,tutorchr.p65,BYTE,0
85,tutorchr.p65,ADVANCE,0
90,tutorchr.p65,BYTE,0
91,tutorchr.p65,BYTE,0
95,tutorchr.p65,ADVANCE,0
4,tutor.p65,BYTE,0
5,tutor.p65,BYTE,0
8,tutor.p65,BYTE,0
11,tutor.p65,BYTE,0
15,tutor.p65,BYTE,0
18,tutor.p65,BYTE,0
5,tutorprg.p65,LABEL,0
20,tutorprg.p65,LABEL,0
20,tutorprg.p65,SETPC,0
21,tutorprg.p65,SETPC,0
22,tutorprg.p65,LABEL,0
22,tutorprg.p65,SETPC,0
23,tutorprg.p65,LABEL,0
23,tutorprg.p65,SETPC,0
24,tutorprg.p65,LABEL,0
24,tutorprg.p65,SETPC,0
31,tutorprg.p65,LABEL,0
31,tutorprg.p65,SETPC,0
32,tutorprg.p65,SETPC,0
34,tutorprg.p65,LABEL,0
34,tutorprg.p65,IMPLIED,0
35,tutorprg.p65,IMPLIED,0
37,tutorprg.p65,LABEL,0
37,tutorprg.p65,ABSOLUTE,0
38,tutorprg.p65,RELATIVE,0
39,tutorprg.p65,LABEL,0
39,tutorprg.p65,ABSOLUTE,0
40,tutorprg.p65,RELATIVE,0
43,tutorprg.p65,IMMEDIATE,0
44,tutorprg.p65,IMMEDIATE,0
45,tutorprg.p65,LABEL,0
45,tutorprg.p65,ZERO-PAGE-X,0
46,tutorprg.p65,ABSOLUTE-X,0
47,tutorprg.p65,ABSOLUTE-X,0
48,tutorprg.p65,ABSOLUTE-X,0
49,tutorprg.p65,ABSOLUTE-X,0
50,tutorprg.p65,ABSOLUTE-X,0
51,tutorprg.p65,ABSOLUTE-X,0
52,tutorprg.p65,ABSOLUTE-X,0
53,tutorprg.p65,IMPLIED,0
54,tutorprg.p65,RELATIVE,0
57,tutorprg.p65,IMMEDIATE,0
58,tutorprg.p65,IMPLIED,0
61,tutorprg.p65,IMMEDIATE,0
62,tutorprg.p65,ABSOLUTE,0
63,tutorprg.p65,ABSOLUTE,0
65,tutorprg.p65,MEMORY,0
66,tutorprg.p65,MEMORY,0
67,tutorprg.p65,MEMORY,0
71,tutorprg.p65,IMMEDIATE,0
72,tutorprg.p65,ABSOLUTE,0
73,tutorprg.p65,IMMEDIATE,0
74,tutorprg.p65,ABSOLUTE,0
76,tutorprg.p65,IMPLIED,0
79,tutorprg.p65,LABEL,0
79,tutorprg.p65,MEMORY,0
81,tutorprg.p65,LABEL,0
82,tutorprg.p65,MEMORY,0
83,tutorprg.p65,MEMORY,0
84,tutorprg.p65,MEMORY,0
85,tutorprg.p65,MEMORY,0
86,tutorprg.p65,IMPLIED,0
88,tutorprg.p65,LABEL,0
90,tutorprg.p65,IMMEDIATE,0
91,tutorprg.p65,MEMORY,0
92,tutorprg.p65,IMPLIED,0
94,tutorprg.p65,LABEL,0
96,tutorprg.p65,IMMEDIATE,0
97,tutorprg.p65,ABSOLUTE,0
98,tutorprg.p65,IMMEDIATE,0
99,tutorprg.p65,ABSOLUTE,0
100,tutorprg.p65,IMMEDIATE,0
101,tutorprg.p65,ABSOLUTE,0
102,tutorprg.p65,IMPLIED,0
104,tutorprg.p65,LABEL,0
106,tutorprg.p65,IMMEDIATE,0
107,tutorprg.p65,IMMEDIATE,0
108,tutorprg.p65,LABEL,0
108,tutorprg.p65,MEMORY-X,0
109,tutorprg.p65,IMPLIED,0
110,tutorprg.p65,RELATIVE,0
113,tutorprg.p65,IMMEDIATE,0
114,tutorprg.p65,MEMORY,0
115,tutorprg.p65,IMMEDIATE,0
116,tutorprg.p65,MEMORY,0
117,tutorprg.p65,MEMORY,0
121,tutorprg.p65,IMMEDIATE,0
122,tutorprg.p65,MEMORY,0
123,tutorprg.p65,IMPLIED,0
126,tutorprg.p65,LABEL,0
127,tutorprg.p65,IMMEDIATE,0
128,tutorprg.p65,IMMEDIATE,0
129,tutorprg.p65,ABSOLUTE,0
130,tutorprg.p65,ABSOLUTE,0
131,tutorprg.p65,LABEL,0
131,tutorprg.p65,MEMORY-X,0
132,tutorprg.p65,ABSOLUTE,0
133,tutorprg.p65,IMPLIED,0
134,tutorprg.p65,IMMEDIATE,0
135,tutorprg.p65,RELATIVE,0
136,tutorprg.p65,IMPLIED,0
138,tutorprg.p65,LABEL,0
140,tutorprg.p65,IMMEDIATE,0
141,tutorprg.p65,IMMEDIATE,0
142,tutorprg.p65,IMMEDIATE,0
143,tutorprg.p65,ZERO-PAGE,0
144,tutorprg.p65,IMMEDIATE,0
145,tutorprg.p65,ZERO-PAGE,0
146,tutorprg.p65,IMMEDIATE,0
147,tutorprg.p65,ABSOLUTE,0
148,tutorprg.p65,IMMEDIATE,0
149,tutorprg.p65,ABSOLUTE,0
150,tutorprg.p65,LABEL,0
150,tutorprg.p65,INDIRECT-Y,0
151,tutorprg.p65,ABSOLUTE,0
152,tutorprg.p65,IMPLIED,0
153,tutorprg.p65,RELATIVE,0
154,tutorprg.p65,ZERO-PAGE,0
155,tutorprg.p65,IMPLIED,0
156,tutorprg.p65,RELATIVE,0
159,tutorprg.p65,IMMEDIATE,0
160,tutorprg.p65,IMMEDIATE,0
161,tutorprg.p65,IMMEDIATE,0
162,tutorprg.p65,LABEL,0
162,tutorprg.p65,ABSOLUTE,0
163,tutorprg.p65,IMPLIED,0
164,tutorprg.p65,RELATIVE,0
165,tutorprg.p65,IMPLIED,0
166,tutorprg.p65,RELATIVE,0
167,tutorprg.p65,IMPLIED,0
169,tutorprg.p65,LABEL,0
170,tutorprg.p65,IMMEDIATE,0
171,tutorprg.p65,MEMORY,0
172,tutorprg.p65,IMPLIED,0
174,tutorprg.p65,LABEL,0
175,tutorprg.p65,IMMEDIATE,0
176,tutorprg.p65,ABSOLUTE,0
178,tutorprg.p65,MEMORY,0
179,tutorprg.p65,RELATIVE,0
180,tutorprg.p65,IMMEDIATE,0
181,tutorprg.p65,RELATIVE,0
183,tutorprg.p65,IMMEDIATE,0
184,tutorprg.p65,MEMORY,0
185,tutorprg.p65,MEMORY,0
186,tutorprg.p65,MEMORY,0
187,tutorprg.p65,LABEL,0
188,tutorprg.p65,IMMEDIATE,0
189,tutorprg.p65,MEMORY,0
190,tutorprg.p65,MEMORY,0
192,tutorprg.p65,LABEL,0
193,tutorprg.p65,IMPLIED,0
194,tutorprg.p65,MEMORY,0
195,tutorprg.p65,MEMORY,0
196,tutorprg.p65,IMPLIED,0
198,tutorprg.p65,LABEL,0
199,tutorprg.p65,IMMEDIATE,0
200,tutorprg.p65,ABSOLUTE,0
201,tutorprg.p65,IMMEDIATE,0
202,tutorprg.p65,ABSOLUTE,0
204,tutorprg.p65,ABSOLUTE,0
205,tutorprg.p65,IMMEDIATE,0
206,tutorprg.p65,RELATIVE,0
207,tutorprg.p65,MEMORY,0
208,tutorprg.p65,RELATIVE,0
209,tutorprg.p65,MEMORY,0
210,tutorprg.p65,MEMORY,0
211,tutorprg.p65,MEMORY,0
212,tutorprg.p65,LABEL,0
212,tutorprg.p65,MEMORY,0
213,tutorprg.p65,LABEL,0
213,tutorprg.p65,ABSOLUTE,0
214,tutorprg.p65,ABSOLUTE,0
215,tutorprg.p65,ABSOLUTE,0
216,tutorprg.p65,ABSOLUTE,0
217,tutorprg.p65,IMMEDIATE,0
218,tutorprg.p65,RELATIVE,0
219,tutorprg.p65,MEMORY,0
220,tutorprg.p65,IMMEDIATE,0
221,tutorprg.p65,RELATIVE,0
222,tutorprg.p65,IMPLIED,0
223,tutorprg.p65,MEMORY,0
224,tutorprg.p65,LABEL,0
224,tutorprg.p65,ABSOLUTE,0
225,tutorprg.p65,IMMEDIATE,0
226,tutorprg.p65,RELATIVE,0
227,tutorprg.p65,MEMORY,0
228,tutorprg.p65,IMMEDIATE,0
229,tutorprg.p65,RELATIVE,0
230,tutorprg.p65,IMPLIED,0
231,tutorprg.p65,MEMORY,0
232,tutorprg.p65,LABEL,0
232,tutorprg.p65,IMPLIED,0
234,tutorprg.p65,LABEL,0
235,tutorprg.p65,IMMEDIATE,0
236,tutorprg.p65,MEMORY,0
237,tutorprg.p65,IMPLIED,0
238,tutorprg.p65,IMMEDIATE,0
239,tutorprg.p65,MEMORY,0
240,tutorprg.p65,MEMORY,0
241,tutorprg.p65,IMPLIED,0
243,tutorprg.p65,LABEL,0
244,tutorprg.p65,IMMEDIATE,0
245,tutorprg.p65,ABSOLUTE,0
246,tutorprg.p65,ABSOLUTE,0
248,tutorprg.p65,MEMORY,0
249,tutorprg.p65,RELATIVE,0
250,tutorprg.p65,IMPLIED,0
251,tutorprg.p65,MEMORY,0
252,tutorprg.p65,IMMEDIATE,0
253,tutorprg.p65,ABSOLUTE,0
254,tutorprg.p65,ABSOLUTE,0
256,tutorprg.p65,LABEL,0
257,tutorprg.p65,IMPLIED,0
259,tutorprg.p65,LABEL,0
260,tutorprg.p65,IMPLIED,0
261,tutorprg.p65,IMMEDIATE,0
262,tutorprg.p65,ABSOLUTE,0
263,tutorprg.p65,IMMEDIATE,0
264,tutorprg.p65,ABSOLUTE,0
265,tutorprg.p65,IMMEDIATE,0
266,tutorprg.p65,ABSOLUTE,0
267,tutorprg.p65,IMPLIED,0
268,tutorprg.p65,IMPLIED,0
270,tutorprg.p65,LABEL,0
271,tutorprg.p65,IMPLIED,0
272,tutorprg.p65,IMMEDIATE,0
273,tutorprg.p65,ABSOLUTE,0
274,tutorprg.p65,IMMEDIATE,0
275,tutorprg.p65,ABSOLUTE,0
276,tutorprg.p65,IMMEDIATE,0
277,tutorprg.p65,ABSOLUTE,0
278,tutorprg.p65,IMPLIED,0
279,tutorprg.p65,IMPLIED,0
281,tutorprg.p65,LABEL,0
281,tutorprg.p65,MEMORY,0
282,tutorprg.p65,MEMORY,0
283,tutorprg.p65,MEMORY,0
284,tutorprg.p65,LABEL,0
284,tutorprg.p65,IMPLIED,0
287,tutorprg.p65,LABEL,0
288,tutorprg.p65,BYTE,0
289,tutorprg.p65,BYTE,0
292,tutorprg.p65,LABEL,0
293,tutorprg.p65,BYTE,0
294,tutorprg.p65,BYTE,0
295,tutorprg.p65,BYTE,0
296,tutorprg.p65,BYTE,0
297,tutorprg.p65,BYTE,0
298,tutorprg.p65,BYTE,0
299,tutorprg.p65,BYTE,0
300,tutorprg.p65,BYTE,0
301,tutorprg.p65,BYTE,0
302,tutorprg.p65,BYTE,0
303,tutorprg.p65,BYTE,0
304,tutorprg.p65,BYTE,0
305,tutorprg.p65,BYTE,0
306,tutorprg.p65,BYTE,0
307,tutorprg.p65,BYTE,0
308,tutorprg.p65,BYTE,0
309,tutorprg.p65,BYTE,0
310,tutorprg.p65,BYTE,0
311,tutorprg.p65,BYTE,0
312,tutorprg.p65,BYTE,0
313,tutorprg.p65,BYTE,0
314,tutorprg.p65,BYTE,0
315,tutorprg.p65,BYTE,0
316,tutorprg.p65,BYTE,0
317,tutorprg.p65,BYTE,0
318,tutorprg.p65,BYTE,0
319,tutorprg.p65,BYTE,0
320,tutorprg.p65,BYTE,0
321,tutorprg.p65,BYTE,0
322,tutorprg.p65,BYTE,0
324,tutorprg.p65,BYTE,0
325,tutorprg.p65,BYTE,0
326,tutorprg.p65,BYTE,0
327,tutorprg.p65,BYTE,0
329,tutorprg.p65,ADVANCE,0
330,tutorprg.p65,WORD,0
8,tutorchr.p65,SETPC,0
18,tutorchr.p65,ADVANCE,0
19,tutorchr.p65,BYTE,0
20,tutorchr.p65,BYTE,0
21,tutorchr.p65,BYTE,0
22,tutorchr.p65,BYTE,0
23,tutorchr.p65,BYTE,0
24,tutorchr.p65,BYTE,0
25,tutorchr.p65,BYTE,0
26,tutorchr.p65,BYTE,0
27,tutorchr.p65,BYTE,0
28,tutorchr.p65,BYTE,0
29,tutorchr.p65,BYTE,0
30,tutorchr.p65,BYTE,0
31,tutorchr.p65,BYTE,0
32,tutorchr.p65,BYTE,0
33,tutorchr.p65,BYTE,0
34,tutorchr.p65,BYTE,0
35,tutorchr.p65,BYTE,0
36,tutorchr.p65,BYTE,0
37,tutorchr.p65,BYTE,0
38,tutorchr.p65,BYTE,0
39,tutorchr.p65,BYTE,0
40,tutorchr.p65,BYTE,0
41,tutorchr.p65,BYTE,0
42,tutorchr.p65,BYTE,0
43,tutorchr.p65,BYTE,0
44,tutorchr.p65,BYTE,0
45,tutorchr.p65,BYTE,0
46,tutorchr.p65,BYTE,0
47,tutorchr.p65,BYTE,0
48,tutorchr.p65,BYTE,0
49,tutorchr.p65,BYTE,0
50,tutorchr.p65,BYTE,0
51,tutorchr.p65,BYTE,0
52,tutorchr.p65,BYTE,0
53,tutorchr.p65,BYTE,0
54,tutorchr.p65,BYTE,0
55,tutorchr.p65,BYTE,0
56,tutorchr.p65,BYTE,0
57,tutorchr.p65,BYTE,0
58,tutorchr.p65,BYTE,0
59,tutorchr.p65,BYTE,0
60,tutorchr.p65,BYTE,0
61,tutorchr.p65,BYTE,0
62,tutorchr.p65,BYTE,0
63,tutorchr.p65,BYTE,0
64,tutorchr.p65,BYTE,0
65,tutorchr.p65,BYTE,0
66,tutorchr.p65,BYTE,0
67,tutorchr.p65,BYTE,0
68,tutorchr.p65,BYTE,0
69,tutorchr.p65,BYTE,0
70,tutorchr.p65,BYTE,0
71,tutorchr.p65,BYTE,0
72,tutorchr.p65,BYTE,0
73,tutorchr.p65,BYTE,0
74,tutorchr.p65,BYTE,0
75,tutorchr.p65,BYTE,0
76,tutorchr.p65,BYTE,0
77,tutorchr.p65,BYTE,0
78,tutorchr.p65,BYTE,0
79,tutorchr.p65,BYTE,0
80,tutorchr.p65,BYTE,0
81,tutorchr.p65,BYTE,0
82,tutorchr.p65,BYTE,0
85,tutorchr.p65,ADVANCE,0
90,tutorchr.p65,BYTE,0
91,tutorchr.p65,BYTE,0
95,tutorchr.p65,ADVANCE,0
4,tutor.p65,BYTE,0
5,tutor.p65,BYTE,3
8,tutor.p65,BYTE,4
11,tutor.p65,BYTE,5
15,tutor.p65,BYTE,6
18,tutor.p65,BYTE,8
5,tutorprg.p65,LABEL,16
20,tutorprg.p65,LABEL,16
20,tutorprg.p65,SETPC,16
21,tutorprg.p65,SETPC,0
22,tutorprg.p65,LABEL,0
22,tutorprg.p65,SETPC,0
23,tutorprg.p65,LABEL,1
23,tutorprg.p65,SETPC,1
24,tutorprg.p65,LABEL,2
24,tutorprg.p65,SETPC,2
31,tutorprg.p65,LABEL,3
31,tutorprg.p65,SETPC,3
32,tutorprg.p65,SETPC,16
34,tutorprg.p65,LABEL,49152
34,tutorprg.p65,IMPLIED,49152
35,tutorprg.p65,IMPLIED,49153
37,tutorprg.p65,LABEL,49154
37,tutorprg.p65,ABSOLUTE,49154
38,tutorprg.p65,RELATIVE,49157
39,tutorprg.p65,LABEL,49159
39,tutorprg.p65,ABSOLUTE,49159
40,tutorprg.p65,RELATIVE,49162
43,tutorprg.p65,IMMEDIATE,49164
44,tutorprg.p65,IMMEDIATE,49166
45,tutorprg.p65,LABEL,49168
45,tutorprg.p65,ZERO-PAGE-X,49168
46,tutorprg.p65,ABSOLUTE-X,49170
47,tutorprg.p65,ABSOLUTE-X,49173
48,tutorprg.p65,ABSOLUTE-X,49176
49,tutorprg.p65,ABSOLUTE-X,49179
50,tutorprg.p65,ABSOLUTE-X,49182
51,tutorprg.p65,ABSOLUTE-X,49185
52,tutorprg.p65,ABSOLUTE-X,49188
53,tutorprg.p65,IMPLIED,49191
54,tutorprg.p65,RELATIVE,49192
57,tutorprg.p65,IMMEDIATE,49194
58,tutorprg.p65,IMPLIED,49196
61,tutorprg.p65,IMMEDIATE,49197
62,tutorprg.p65,ABSOLUTE,49199
63,tutorprg.p65,ABSOLUTE,49202
65,tutorprg.p65,MEMORY,49205
66,tutorprg.p65,MEMORY,49208
67,tutorprg.p65,MEMORY,49211
71,tutorprg.p65,IMMEDIATE,49214
72,tutorprg.p65,ABSOLUTE,49216
73,tutorprg.p65,IMMEDIATE,49219
74,tutorprg.p65,ABSOLUTE,49221
76,tutorprg.p65,IMPLIED,49224
79,tutorprg.p65,LABEL,49225
79,tutorprg.p65,MEMORY,49225
81,tutorprg.p65,LABEL,49228
82,tutorprg.p65,MEMORY,49228
83,tutorprg.p65,MEMORY,49231
84,tutorprg.p65,MEMORY,49234
85,tutorprg.p65,MEMORY,49237
86,tutorprg.p65,IMPLIED,49240
88,tutorprg.p65,LABEL,49241
90,tutorprg.p65,IMMEDIATE,49241
91,tutorprg.p65,MEMORY,49243
92,tutorprg.p65,IMPLIED,49246
94,tutorprg.p65,LABEL,49247
96,tutorprg.p65,IMMEDIATE,49247
97,tutorprg.p65,ABSOLUTE,49249
98,tutorprg.p65,IMMEDIATE,49252
99,tutorprg.p65,ABSOLUTE,49254
100,tutorprg.p65,IMMEDIATE,49257
101,tutorprg.p65,ABSOLUTE,49259
102,tutorprg.p65,IMPLIED,49262
104,tutorprg.p65,LABEL,49263
106,tutorprg.p65,IMMEDIATE,49263
107,tutorprg.p65,IMMEDIATE,49265
108,tutorprg.p65,LABEL,49267
108,tutorprg.p65,MEMORY-X,49267
109,tutorprg.p65,IMPLIED,49270
110,tutorprg.p65,RELATIVE,49271
113,tutorprg.p65,IMMEDIATE,49273
114,tutorprg.p65,MEMORY,49275
115,tutorprg.p65,IMMEDIATE,49278
116,tutorprg.p65,MEMORY,49280
117,tutorprg.p65,MEMORY,49283
121,tutorprg.p65,IMMEDIATE,49286
122,tutorprg.p65,MEMORY,49288
123,tutorprg.p65,IMPLIED,49291
126,tutorprg.p65,LABEL,49292
127,tutorprg.p65,IMMEDIATE,49292
128,tutorprg.p65,IMMEDIATE,49294
129,tutorprg.p65,ABSOLUTE,49296
130,tutorprg.p65,ABSOLUTE,49299
131,tutorprg.p65,LABEL,49302
131,tutorprg.p65,MEMORY-X,49302
132,tutorprg.p65,ABSOLUTE,49305
133,tutorprg.p65,IMPLIED,49308
134,tutorprg.p65,IMMEDIATE,49309
135,tutorprg.p65,RELATIVE,49311
136,tutorprg.p65,IMPLIED,49313
138,tutorprg.p65,LABEL,49314
140,tutorprg.p65,IMMEDIATE,49314
141,tutorprg.p65,IMMEDIATE,49316
142,tutorprg.p65,IMMEDIATE,49318
143,tutorprg.p65,ZERO-PAGE,49320
144,tutorprg.p65,IMMEDIATE,49322
145,tutorprg.p65,ZERO-PAGE,49324
146,tutorprg.p65,IMMEDIATE,49326
147,tutorprg.p65,ABSOLUTE,49328
148,tutorprg.p65,IMMEDIATE,49331
149,tutorprg.p65,ABSOLUTE,49333
150,tutorprg.p65,LABEL,49336
150,tutorprg.p65,INDIRECT-Y,49336
151,tutorprg.p65,ABSOLUTE,49338
152,tutorprg.p65,IMPLIED,49341
153,tutorprg.p65,RELATIVE,49342
154,tutorprg.p65,ZERO-PAGE,49344
155,tutorprg.p65,IMPLIED,49346
156,tutorprg.p65,RELATIVE,49347
159,tutorprg.p65,IMMEDIATE,49349
160,tutorprg.p65,IMMEDIATE,49351
161,tutorprg.p65,IMMEDIATE,49353
162,tutorprg.p65,LABEL,49355
162,tutorprg.p65,ABSOLUTE,49355
163,tutorprg.p65,IMPLIED,49358
164,tutorprg.p65,RELATIVE,49359
165,tutorprg.p65,IMPLIED,49361
166,tutorprg.p65,RELATIVE,49362
167,tutorprg.p65,IMPLIED,49364
169,tutorprg.p65,LABEL,49365
170,tutorprg.p65,IMMEDIATE,49365
171,tutorprg.p65,MEMORY,49367
172,tutorprg.p65,IMPLIED,49370
174,tutorprg.p65,LABEL,49371
175,tutorprg.p65,IMMEDIATE,49371
176,tutorprg.p65,ABSOLUTE,49373
178,tutorprg.p65,MEMORY,49376
179,tutorprg.p65,RELATIVE,49379
180,tutorprg.p65,IMMEDIATE,49381
181,tutorprg.p65,RELATIVE,49383
183,tutorprg.p65,IMMEDIATE,49385
184,tutorprg.p65,MEMORY,49387
185,tutorprg.p65,MEMORY,49390
186,tutorprg.p65,MEMORY,49393
187,tutorprg.p65,LABEL,49396
188,tutorprg.p65,IMMEDIATE,49396
189,tutorprg.p65,MEMORY,49398
190,tutorprg.p65,MEMORY,49401
192,tutorprg.p65,LABEL,49404
193,tutorprg.p65,IMPLIED,49404
194,tutorprg.p65,MEMORY,49405
195,tutorprg.p65,MEMORY,49408
196,tutorprg.p65,IMPLIED,49411
198,tutorprg.p65,LABEL,49412
199,tutorprg.p65,IMMEDIATE,49412
200,tutorprg.p65,ABSOLUTE,49414
201,tutorprg.p65,IMMEDIATE,49417
202,tutorprg.p65,ABSOLUTE,49419
204,tutorprg.p65,ABSOLUTE,49422
205,tutorprg.p65,IMMEDIATE,49425
206,tutorprg.p65,RELATIVE,49427
207,tutorprg.p65,MEMORY,49429
208,tutorprg.p65,RELATIVE,49432
209,tutorprg.p65,MEMORY,49434
210,tutorprg.p65,MEMORY,49437
211,tutorprg.p65,MEMORY,49440
212,tutorprg.p65,LABEL,49443
212,tutorprg.p65,MEMORY,49443
213,tutorprg.p65,LABEL,49446
213,tutorprg.p65,ABSOLUTE,49446
214,tutorprg.p65,ABSOLUTE,49449
215,tutorprg.p65,ABSOLUTE,49452
216,tutorprg.p65,ABSOLUTE,49455
217,tutorprg.p65,IMMEDIATE,49458
218,tutorprg.p65,RELATIVE,49460
219,tutorprg.p65,MEMORY,49462
220,tutorprg.p65,IMMEDIATE,49465
221,tutorprg.p65,RELATIVE,49467
222,tutorprg.p65,IMPLIED,49469
223,tutorprg.p65,MEMORY,49470
224,tutorprg.p65,LABEL,49473
224,tutorprg.p65,ABSOLUTE,49473
225,tutorprg.p65,IMMEDIATE,49476
226,tutorprg.p65,RELATIVE,49478
227,tutorprg.p65,MEMORY,49480
228,tutorprg.p65,IMMEDIATE,49483
229,tutorprg.p65,RELATIVE,49485
230,tutorprg.p65,IMPLIED,49487
231,tutorprg.p65,MEMORY,49488
232,tutorprg.p65,LABEL,49491
232,tutorprg.p65,IMPLIED,49491
234,tutorprg.p65,LABEL,49492
235,tutorprg.p65,IMMEDIATE,49492
236,tutorprg.p65,MEMORY,49494
237,tutorprg.p65,IMPLIED,49497
238,tutorprg.p65,IMMEDIATE,49498
239,tutorprg.p65,MEMORY,49500
240,tutorprg.p65,MEMORY,49503
241,tutorprg.p65,IMPLIED,49506
243,tutorprg.p65,LABEL,49507
244,tutorprg.p65,IMMEDIATE,49507
245,tutorprg.p65,ABSOLUTE,49509
246,tutorprg.p65,ABSOLUTE,49512
248,tutorprg.p65,MEMORY,49515
249,tutorprg.p65,RELATIVE,49518
250,tutorprg.p65,IMPLIED,49520
251,tutorprg.p65,MEMORY,49521
252,tutorprg.p65,IMMEDIATE,49524
253,tutorprg.p65,ABSOLUTE,49526
254,tutorprg.p65,ABSOLUTE,49529
256,tutorprg.p65,LABEL,49532
257,tutorprg.p65,IMPLIED,49532
259,tutorprg.p65,LABEL,49533
260,tutorprg.p65,IMPLIED,49533
261,tutorprg.p65,IMMEDIATE,49534
262,tutorprg.p65,ABSOLUTE,49536
263,tutorprg.p65,IMMEDIATE,49539
264,tutorprg.p65,ABSOLUTE,49541
265,tutorprg.p65,IMMEDIATE,49544
266,tutorprg.p65,ABSOLUTE,49546
267,tutorprg.p65,IMPLIED,49549
268,tutorprg.p65,IMPLIED,49550
270,tutorprg.p65,LABEL,49551
271,tutorprg.p65,IMPLIED,49551
272,tutorprg.p65,IMMEDIATE,49552
273,tutorprg.p65,ABSOLUTE,49554
274,tutorprg.p65,IMMEDIATE,49557
275,tutorprg.p65,ABSOLUTE,49559
276,tutorprg.p65,IMMEDIATE,49562
277,tutorprg.p65,ABSOLUTE,49564
278,tutorprg.p65,IMPLIED,49567
279,tutorprg.p65,IMPLIED,49568
281,tutorprg.p65,LABEL,49569
281,tutorprg.p65,MEMORY,49569
282,tutorprg.p65,MEMORY,49572
283,tutorprg.p65,MEMORY,49575
284,tutorprg.p65,LABEL,49578
284,tutorprg.p65,IMPLIED,49578
287,tutorprg.p65,LABEL,49579
288,tutorprg.p65,BYTE,49579
289,tutorprg.p65,BYTE,49595
292,tutorprg.p65,LABEL,49611
293,tutorprg.p65,BYTE,49611
294,tutorprg.p65,BYTE,49643
295,tutorprg.p65,BYTE,49675
296,tutorprg.p65,BYTE,49707
297,tutorprg.p65,BYTE,49739
298,tutorprg.p65,BYTE,49771
299,tutorprg.p65,BYTE,49803
300,tutorprg.p65,BYTE,49835
301,tutorprg.p65,BYTE,49867
302,tutorprg.p65,BYTE,49899
303,tutorprg.p65,BYTE,49931
304,tutorprg.p65,BYTE,49963
305,tutorprg.p65,BYTE,49995
306,tutorprg.p65,BYTE,50027
307,tutorprg.p65,BYTE,50059
308,tutorprg.p65,BYTE,50091
309,tutorprg.p65,BYTE,50123
310,tutorprg.p65,BYTE,50155
311,tutorprg.p65,BYTE,50187
312,tutorprg.p65,BYTE,50219
313,tutorprg.p65,BYTE,50251
314,tutorprg.p65,BYTE,50283
315,tutorprg.p65,BYTE,50315
316,tutorprg.p65,BYTE,50347
317,tutorprg.p65,BYTE,50379
318,tutorprg.p65,BYTE,50411
319,tutorprg.p65,BYTE,50443
320,tutorprg.p65,BYTE,50475
321,tutorprg.p65,BYTE,50507
322,tutorprg.p65,BYTE,50539
324,tutorprg.p65,BYTE,50553
325,tutorprg.p65,BYTE,50569
326,tutorprg.p65,BYTE,50585
327,tutorprg.p65,BYTE,50601
329,tutorprg.p65,ADVANCE,50617
330,tutorprg.p65,WORD,65530
8,tutorchr.p65,SETPC,65536
18,tutorchr.p65,ADVANCE,0
19,tutorchr.p65,BYTE,512
20,tutorchr.p65,BYTE,528
21,tutorchr.p65,BYTE,544
22,tutorchr.p65,BYTE,560
23,tutorchr.p65,BYTE,576
24,tutorchr.p65,BYTE,592
25,tutorchr.p65,BYTE,608
26,tutorchr.p65,BYTE,624
27,tutorchr.p65,BYTE,640
28,tutorchr.p65,BYTE,656
29,tutorchr.p65,BYTE,672
30,tutorchr.p65,BYTE,688
31,tutorchr.p65,BYTE,704
32,tutorchr.p65,BYTE,720
33,tutorchr.p65,BYTE,736
34,tutorchr.p65,BYTE,752
35,tutorchr.p65,BYTE,768
36,tutorchr.p65,BYTE,784
37,tutorchr.p65,BYTE,800
38,tutorchr.p65,BYTE,816
39,tutorchr.p65,BYTE,832
40,tutorchr.p65,BYTE,848
41,tutorchr.p65,BYTE,864
42,tutorchr.p65,BYTE,880
43,tutorchr.p65,BYTE,896
44,tutorchr.p65,BYTE,912
45,tutorchr.p65,BYTE,928
46,tutorchr.p65,BYTE,944
47,tutorchr.p65,BYTE,960
48,tutorchr.p65,BYTE,976
49,tutorchr.p65,BYTE,992
50,tutorchr.p65,BYTE,1008
51,tutorchr.p65,BYTE,1024
52,tutorchr.p65,BYTE,1040
53,tutorchr.p65,BYTE,1056
54,tutorchr.p65,BYTE,1072
55,tutorchr.p65,BYTE,1088
56,tutorchr.p65,BYTE,1104
57,tutorchr.p65,BYTE,1120
58,tutorchr.p65,BYTE,1136
59,tutorchr.p65,BYTE,1152
60,tutorchr.p65,BYTE,1168
61,tutorchr.p65,BYTE,1184
62,tutorchr.p65,BYTE,1200
63,tutorchr.p65,BYTE,1216
64,tutorchr.p65,BYTE,1232
65,tutorchr.p65,BYTE,1248
66,tutorchr.p65,BYTE,1264
67,tutorchr.p65,BYTE,1280
68,tutorchr.p65,BYTE,1296
69,tutorchr.p65,BYTE,1312
70,tutorchr.p65,BYTE,1328
71,tutorchr.p65,BYTE,1344
72,tutorchr.p65,BYTE,1360
73,tutorchr.p65,BYTE,1376
74,tutorchr.p65,BYTE,1392
75,tutorchr.p65,BYTE,1408
76,tutorchr.p65,BYTE,1424
77,tutorchr.p65,BYTE,1440
78,tutorchr.p65,BYTE,1456
79,tutorchr.p65,BYTE,1472
80,tutorchr.p65,BYTE,1488
81,tutorchr.p65,BYTE,1504
82,tutorchr.p65,BYTE,1520
85,tutorchr.p65,ADVANCE,1536
90,tutorchr.p65,BYTE,4096
91,tutorchr.p65,BYTE,4112
95,tutorchr.p65,ADVANCE,4128
4,tutor.p65,BYTE,0
5,tutor.p65,BYTE,0
8,tutor.p65,BYTE,0
11,tutor.p65,BYTE,0
15,tutor.p65,BYTE,0
18,tutor.p65,BYTE,0
5,tutorprg.p65,LABEL,0
20,tutorprg.p65,LABEL,0
20,tutorprg.p65,SETPC,0
21,tutorprg.p65,SETPC,0
22,tutorprg.p65,LABEL,0
22,tutorprg.p65,SETPC,0
23,tutorprg.p65,LABEL,0
23,tutorprg.p65,SETPC,0
24,tutorprg.p65,LABEL,0
24,tutorprg.p65,SETPC,0
31,tutorprg.p65,LABEL,0
31,tutorprg.p65,SETPC,0
32,tutorprg.p65,SETPC,0
34,tutorprg.p65,LABEL,0
34,tutorprg.p65,IMPLIED,0
35,tutorprg.p65,IMPLIED,0
37,tutorprg.p65,LABEL,0
37,tutorprg.p65,ABSOLUTE,0
38,tutorprg.p65,RELATIVE,0
39,tutorprg.p65,LABEL,0
39,tutorprg.p65,ABSOLUTE,0
40,tutorprg.p65,RELATIVE,0
43,tutorprg.p65,IMMEDIATE,0
44,tutorprg.p65,IMMEDIATE,0
45,tutorprg.p65,LABEL,0
45,tutorprg.p65,ZERO-PAGE-X,0
46,tutorprg.p65,ABSOLUTE-X,0
47,tutorprg.p65,ABSOLUTE-X,0
48,tutorprg.p65,ABSOLUTE-X,0
49,tutorprg.p65,ABSOLUTE-X,0
50,tutorprg.p65,ABSOLUTE-X,0
51,tutorprg.p65,ABSOLUTE-X,0
52,tutorprg.p65,ABSOLUTE-X,0
53,tutorprg.p65,IMPLIED,0
54,tutorprg.p65,RELATIVE,0
57,tutorprg.p65,IMMEDIATE,0
58,tutorprg.p65,IMPLIED,0
61,tutorprg.p65,IMMEDIATE,0
62,tutorprg.p65,ABSOLUTE,0
63,tutorprg.p65,ABSOLUTE,0
65,tutorprg.p65,MEMORY,0
66,tutorprg.p65,MEMORY,0
67,tutorprg.p65,MEMORY,0
71,tutorprg.p65,IMMEDIATE,0
72,tutorprg.p65,ABSOLUTE,0
73,tutorprg.p65,IMMEDIATE,0
74,tutorprg.p65,ABSOLUTE,0
76,tutorprg.p65,IMPLIED,0
79,tutorprg.p65,LABEL,0
79,tutorprg.p65,MEMORY,0
81,tutorprg.p65,LABEL,0
82,tutorprg.p65,MEMORY,0
83,tutorprg.p65,MEMORY,0
84,tutorprg.p65,MEMORY,0
85,tutorprg.p65,MEMORY,0
86,tutorprg.p65,IMPLIED,0
88,tutorprg.p65,LABEL,0
90,tutorprg.p65,IMMEDIATE,0
91,tutorprg.p65,MEMORY,0
92,tutorprg.p65,IMPLIED,0
94,tutorprg.p65,LABEL,0
96,tutorprg.p65,IMMEDIATE,0
97,tutorprg.p65,ABSOLUTE,0
98,tutorprg.p65,IMMEDIATE,0
99,tutorprg.p65,ABSOLUTE,0
100,tutorprg.p65,IMMEDIATE,0
101,tutorprg.p65,ABSOLUTE,0
102,tutorprg.p65,IMPLIED,0
104,tutorprg.p65,LABEL,0
106,tutorprg.p65,IMMEDIATE,0
107,tutorprg.p65,IMMEDIATE,0
108,tutorprg.p65,LABEL,0
108,tutorprg.p65,MEMORY-X,0
109,tutorprg.p65,IMPLIED,0
110,tutorprg.p65,RELATIVE,0
113,tutorprg.p65,IMMEDIATE,0
114,tutorprg.p65,MEMORY,0
115,tutorprg.p65,IMMEDIATE,0
116,tutorprg.p65,MEMORY,0
117,tutorprg.p65,MEMORY,0
121,tutorprg.p65,IMMEDIATE,0
122,tutorprg.p65,MEMORY,0
123,tutorprg.p65,IMPLIED,0
126,tutorprg.p65,LABEL,0
127,tutorprg.p65,IMMEDIATE,0
128,tutorprg.p65,IMMEDIATE,0
129,tutorprg.p65,ABSOLUTE,0
130,tutorprg.p65,ABSOLUTE,0
131,tutorprg.p65,LABEL,0
131,tutorprg.p65,MEMORY-X,0
132,tutorprg.p65,ABSOLUTE,0
133,tutorprg.p65,IMPLIED,0
134,tutorprg.p65,IMMEDIATE,0
135,tutorprg.p65,RELATIVE,0
136,tutorprg.p65,IMPLIED,0
138,tutorprg.p65,LABEL,0
140,tutorprg.p65,IMMEDIATE,0
141,tutorprg.p65,IMMEDIATE,0
142,tutorprg.p65,IMMEDIATE,0
143,tutorprg.p65,ZERO-PAGE,0
144,tutorprg.p65,IMMEDIATE,0
145,tutorprg.p65,ZERO-PAGE,0
146,tutorprg.p65,IMMEDIATE,0
147,tutorprg.p65,ABSOLUTE,0
148,tutorprg.p65,IMMEDIATE,0
149,tutorprg.p65,ABSOLUTE,0
150,tutorprg.p65,LABEL,0
150,tutorprg.p65,INDIRECT-Y,0
151,tutorprg.p65,ABSOLUTE,0
152,tutorprg.p65,IMPLIED,0
153,tutorprg.p65,RELATIVE,0
154,tutorprg.p65,ZERO-PAGE,0
155,tutorprg.p65,IMPLIED,0
156,tutorprg.p65,RELATIVE,0
159,tutorprg.p65,IMMEDIATE,0
160,tutorprg.p65,IMMEDIATE,0
161,tutorprg.p65,IMMEDIATE,0
162,tutorprg.p65,LABEL,0
162,tutorprg.p65,ABSOLUTE,0
163,tutorprg.p65,IMPLIED,0
164,tutorprg.p65,RELATIVE,0
165,tutorprg.p65,IMPLIED,0
166,tutorprg.p65,RELATIVE,0
167,tutorprg.p65,IMPLIED,0
169,tutorprg.p65,LABEL,0
170,tutorprg.p65,IMMEDIATE,0
171,tutorprg.p65,MEMORY,0
172,tutorprg.p65,IMPLIED,0
174,tutorprg.p65,LABEL,0
175,tutorprg.p65,IMMEDIATE,0
176,tutorprg.p65,ABSOLUTE,0
178,tutorprg.p65,MEMORY,0
179,tutorprg.p65,RELATIVE,0
180,tutorprg.p65,IMMEDIATE,0
181,tutorprg.p65,RELATIVE,0
183,tutorprg.p65,IMMEDIATE,0
184,tutorprg.p65,MEMORY,0
185,tutorprg.p65,MEMORY,0
186,tutorprg.p65,MEMORY,0
187,tutorprg.p65,LABEL,0
188,tutorprg.p65,IMMEDIATE,0
189,tutorprg.p65,MEMORY,0
190,tutorprg.p65,MEMORY,0
192,tutorprg.p65,LABEL,0
193,tutorprg.p65,IMPLIED,0
194,tutorprg.p65,MEMORY,0
195,tutorprg.p65,MEMORY,0
196,tutorprg.p65,IMPLIED,0
198,tutorprg.p65,LABEL,0
199,tutorprg.p65,IMMEDIATE,0
200,tutorprg.p65,ABSOLUTE,0
201,tutorprg.p65,IMMEDIATE,0
202,tutorprg.p65,ABSOLUTE,0
204,tutorprg.p65,ABSOLUTE,0
205,tutorprg.p65,IMMEDIATE,0
206,tutorprg.p65,RELATIVE,0
207,tutorprg.p65,MEMORY,0
208,tutorprg.p65,RELATIVE,0
209,tutorprg.p65,MEMORY,0
210,tutorprg.p65,MEMORY,0
211,tutorprg.p65,MEMORY,0
212,tutorprg.p65,LABEL,0
212,tutorprg.p65,MEMORY,0
213,tutorprg.p65,LABEL,0
213,tutorprg.p65,ABSOLUTE,0
214,tutorprg.p65,ABSOLUTE,0
215,tutorprg.p65,ABSOLUTE,0
216,tutorprg.p65,ABSOLUTE,0
217,tutorprg.p65,IMMEDIATE,0
218,tutorprg.p65,RELATIVE,0
219,tutorprg.p65,MEMORY,0
220,tutorprg.p65,IMMEDIATE,0
221,tutorprg.p65,RELATIVE,0
222,tutorprg.p65,IMPLIED,0
223,tutorprg.p65,MEMORY,0
224,tutorprg.p65,LABEL,0
224,tutorprg.p65,ABSOLUTE,0
225,tutorprg.p65,IMMEDIATE,0
226,tutorprg.p65,RELATIVE,0
227,tutorprg.p65,MEMORY,0
228,tutorprg.p65,IMMEDIATE,0
229,tutorprg.p65,RELATIVE,0
230,tutorprg.p65,IMPLIED,0
231,tutorprg.p65,MEMORY,0
232,tutorprg.p65,LABEL,0
232,tutorprg.p65,IMPLIED,0
234,tutorprg.p65,LABEL,0
235,tutorprg.p65,IMMEDIATE,0
236,tutorprg.p65,MEMORY,0
237,tutorprg.p65,IMPLIED,0
238,tutorprg.p65,IMMEDIATE,0
239,tutorprg.p65,MEMORY,0
240,tutorprg.p65,MEMORY,0
241,tutorprg.p65,IMPLIED,0
243,tutorprg.p65,LABEL,0
244,tutorprg.p65,IMMEDIATE,0
245,tutorprg.p65,ABSOLUTE,0
246,tutorprg.p65,ABSOLUTE,0
248,tutorprg.p65,MEMORY,0
249,tutorprg.p65,RELATIVE,0
250,tutorprg.p65,IMPLIED,0
251,tutorprg.p65,MEMORY,0
252,tutorprg.p65,IMMEDIATE,0
253,tutorprg.p65,ABSOLUTE,0
254,tutorprg.p65,ABSOLUTE,0
256,tutorprg.p65,LABEL,0
257,tutorprg.p65,IMPLIED,0
259,tutorprg.p65,LABEL,0
260,tutorprg.p65,IMPLIED,0
261,tutorprg.p65,IMMEDIATE,0
262,tutorprg.p65,ABSOLUTE,0
263,tutorprg.p65,IMMEDIATE,0
264,tutorprg.p65,ABSOLUTE,0
265,tutorprg.p65,IMMEDIATE,0
266,tutorprg.p65,ABSOLUTE,0
267,tutorprg.p65,IMPLIED,0
268,tutorprg.p65,IMPLIED,0
270,tutorprg.p65,LABEL,0
271,tutorprg.p65,IMPLIED,0
272,tutorprg.p65,IMMEDIATE,0
273,tutorprg.p65,ABSOLUTE,0
274,tutorprg.p65,IMMEDIATE,0
275,tutorprg.p65,ABSOLUTE,0
276,tutorprg.p65,IMMEDIATE,0
277,tutorprg.p65,ABSOLUTE,0
278,tutorprg.p65,IMPLIED,0
279,tutorprg.p65,IMPLIED,0
281,tutorprg.p65,LABEL,0
281,tutorprg.p65,MEMORY,0
282,tutorprg.p65,MEMORY,0
283,tutorprg.p65,MEMORY,0
284,tutorprg.p65,LABEL,0
284,tutorprg.p65,IMPLIED,0
287,tutorprg.p65,LABEL,0
288,tutorprg.p65,BYTE,0
289,tutorprg.p65,BYTE,0
292,tutorprg.p65,LABEL,0
293,tutorprg.p65,BYTE,0
294,tutorprg.p65,BYTE,0
295,tutorprg.p65,BYTE,0
296,tutorprg.p65,BYTE,0
297,tutorprg.p65,BYTE,0
298,tutorprg.p65,BYTE,0
299,tutorprg.p65,BYTE,0
300,tutorprg.p65,BYTE,0
301,tutorprg.p65,BYTE,0
302,tutorprg.p65,BYTE,0
303,tutorprg.p65,BYTE,0
304,tutorprg.p65,BYTE,0
305,tutorprg.p65,BYTE,0
306,tutorprg.p65,BYTE,0
307,tutorprg.p65,BYTE,0
308,tutorprg.p65,BYTE,0
309,tutorprg.p65,BYTE,0
310,tutorprg.p65,BYTE,0
311,tutorprg.p65,BYTE,0
312,tutorprg.p65,BYTE,0
313,tutorprg.p65,BYTE,0
314,tutorprg.p65,BYTE,0
315,tutorprg.p65,BYTE,0
316,tutorprg.p65,BYTE,0
317,tutorprg.p65,BYTE,0
318,tutorprg.p65,BYTE,0
319,tutorprg.p65,BYTE,0
320,tutorprg.p65,BYTE,0
321,tutorprg.p65,BYTE,0
322,tutorprg.p65,BYTE,0
324,tutorprg.p65,BYTE,0
325,tutorprg.p65,BYTE,0
326,tutorprg.p65,BYTE,0
327,tutorprg.p65,BYTE,0
329,tutorprg.p65,ADVANCE,0
330,tutorprg.p65,WORD,0
8,tutorchr.p65,SETPC,0
18,tutorchr.p65,ADVANCE,0
19,tutorchr.p65,BYTE,0
20,tutorchr.p65,BYTE,0
21,tutorchr.p65,BYTE,0
22,tutorchr.p65,BYTE,0
23,tutorchr.p65,BYTE,0
24,tutorchr.p65,BYTE,0
25,tutorchr.p65,BYTE,0
26,tutorchr.p65,BYTE,0
27,tutorchr.p65,BYTE,0
28,tutorchr.p65,BYTE,0
29,tutorchr.p65,BYTE,0
30,tutorchr.p65,BYTE,0
31,tutorchr.p65,BYTE,0
32,tutorchr.p65,BYTE,0
33,tutorchr.p65,BYTE,0
34,tutorchr.p65,BYTE,0
35,tutorchr.p65,BYTE,0
36,tutorchr.p65,BYTE,0
37,tutorchr.p65,BYTE,0
38,tutorchr.p65,BYTE,0
39,tutorchr.p65,BYTE,0
40,tutorchr.p65,BYTE,0
41,tutorchr.p65,BYTE,0
42,tutorchr.p65,BYTE,0
43,tutorchr.p65,BYTE,0
44,tutorchr.p65,BYTE,0
45,tutorchr.p65,BYTE,0
46,tutorchr.p65,BYTE,0
47,tutorchr.p65,BYTE,0
48,tutorchr.p65,BYTE,0
49,tutorchr.p65,BYTE,0
50,tutorchr.p65,BYTE,0
51,tutorchr.p65,BYTE,0
52,tutorchr.p65,BYTE,0
53,tutorchr.p65,BYTE,0
54,tutorchr.p65,BYTE,0
55,tutorchr.p65,BYTE,0
56,tutorchr.p65,BYTE,0
57,tutorchr.p65,BYTE,0
58,tutorchr.p65,BYTE,0
59,tutorchr.p65,BYTE,0
60,tutorchr.p65,BYTE,0
61,tutorchr.p65,BYTE,0
62,tutorchr.p65,BYTE,0
63,tutorchr.p65,BYTE,0
64,tutorchr.p65,BYTE,0
65,tutorchr.p65,BYTE,0
66,tutorchr.p65,BYTE,0
67,tutorchr.p65,BYTE,0
68,tutorchr.p65,BYTE,0
69,tutorchr.p65,BYTE,0
70,tutorchr.p65,BYTE,0
71,tutorchr.p65,BYTE,0
72,tutorchr.p65,BYTE,0
73,tutorchr.p65,BYTE,0
74,tutorchr.p65,BYTE,0
75,tutorchr.p65,BYTE,0
76,tutorchr.p65,BYTE,0
77,tutorchr.p65,BYTE,0
78,tutorchr.p65,BYTE,0
79,tutorchr.p65,BYTE,0
80,tutorchr.p65,BYTE,0
81,tutorchr.p65,BYTE,0
82,tutorchr.p65,BYTE,0
85,tutorchr.p65,ADVANCE,0
90,tutorchr.p65,BYTE,0
91,tutorchr.p65,BYTE,0
95,tutorchr.p65,ADVANCE,0
4,tutor.p65,BYTE,0
5,tutor.p65,BYTE,3
8,tutor.p65,BYTE,4
11,tutor.p65,BYTE,5
15,tutor.p65,BYTE,6
18,tutor.p65,BYTE,8
5,tutorprg.p65,LABEL,16
20,tutorprg.p65,LABEL,16
20,tutorprg.p65,SETPC,16
21,tutorprg.p65,SETPC,0
22,tutorprg.p65,LABEL,0
22,tutorprg.p65,SETPC,0
23,tutorprg.p65,LABEL,1
23,tutorprg.p65,SETPC,1
24,tutorprg.p65,LABEL,2
24,tutorprg.p65,SETPC,2
31,tutorprg.p65,LABEL,3
31,tutorprg.p65,SETPC,3
32,tutorprg.p65,SETPC,16
34,tutorprg.p65,LABEL,49152
34,tutorprg.p65,IMPLIED,49152
35,tutorprg.p65,IMPLIED,49153
37,tutorprg.p65,LABEL,49154
37,tutorprg.p65,ABSOLUTE,49154
38,tutorprg.p65,RELATIVE,49157
39,tutorprg.p65,LABEL,49159
39,tutorprg.p65,ABSOLUTE,49159
40,tutorprg.p65,RELATIVE,49162
43,tutorprg.p65,IMMEDIATE,49164
44,tutorprg.p65,IMMEDIATE,49166
45,tutorprg.p65,LABEL,49168
45,tutorprg.p65,ZERO-PAGE-X,49168
46,tutorprg.p65,ABSOLUTE-X,49170
47,tutorprg.p65,ABSOLUTE-X,49173
48,tutorprg.p65,ABSOLUTE-X,49176
49,tutorprg.p65,ABSOLUTE-X,49179
50,tutorprg.p65,ABSOLUTE-X,49182
51,tutorprg.p65,ABSOLUTE-X,49185
52,tutorprg.p65,ABSOLUTE-X,49188
53,tutorprg.p65,IMPLIED,49191
54,tutorprg.p65,RELATIVE,49192
57,tutorprg.p65,IMMEDIATE,49194
58,tutorprg.p65,IMPLIED,49196
61,tutorprg.p65,IMMEDIATE,49197
62,tutorprg.p65,ABSOLUTE,49199
63,tutorprg.p65,ABSOLUTE,49202
65,tutorprg.p65,MEMORY,49205
66,tutorprg.p65,MEMORY,49208
67,tutorprg.p65,MEMORY,49211
71,tutorprg.p65,IMMEDIATE,49214
72,tutorprg.p65,ABSOLUTE,49216
73,tutorprg.p65,IMMEDIATE,49219
74,tutorprg.p65,ABSOLUTE,49221
76,tutorprg.p65,IMPLIED,49224
79,tutorprg.p65,LABEL,49225
79,tutorprg.p65,MEMORY,49225
81,tutorprg.p65,LABEL,49228
82,tutorprg.p65,MEMORY,49228
83,tutorprg.p65,MEMORY,49231
84,tutorprg.p65,MEMORY,49234
85,tutorprg.p65,MEMORY,49237
86,tutorprg.p65,IMPLIED,49240
88,tutorprg.p65,LABEL,49241
90,tutorprg.p65,IMMEDIATE,49241
91,tutorprg.p65,ZERO-PAGE,49243
92,tutorprg.p65,IMPLIED,49245
94,tutorprg.p65,LABEL,49246
96,tutorprg.p65,IMMEDIATE,49246
97,tutorprg.p65,ABSOLUTE,49248
98,tutorprg.p65,IMMEDIATE,49251
99,tutorprg.p65,ABSOLUTE,49253
100,tutorprg.p65,IMMEDIATE,49256
101,tutorprg.p65,ABSOLUTE,49258
102,tutorprg.p65,IMPLIED,49261
104,tutorprg.p65,LABEL,49262
106,tutorprg.p65,IMMEDIATE,49262
107,tutorprg.p65,IMMEDIATE,49264
108,tutorprg.p65,LABEL,49266
108,tutorprg.p65,MEMORY-X,49266
109,tutorprg.p65,IMPLIED,49269
110,tutorprg.p65,RELATIVE,49270
113,tutorprg.p65,IMMEDIATE,49272
114,tutorprg.p65,MEMORY,49274
115,tutorprg.p65,IMMEDIATE,49277
116,tutorprg.p65,MEMORY,49279
117,tutorprg.p65,MEMORY,49282
121,tutorprg.p65,IMMEDIATE,49285
122,tutorprg.p65,ZERO-PAGE,49287
123,tutorprg.p65,IMPLIED,49289
126,tutorprg.p65,LABEL,49290
127,tutorprg.p65,IMMEDIATE,49290
128,tutorprg.p65,IMMEDIATE,49292
129,tutorprg.p65,ABSOLUTE,49294
130,tutorprg.p65,ABSOLUTE,49297
131,tutorprg.p65,LABEL,49300
131,tutorprg.p65,MEMORY-X,49300
132,tutorprg.p65,ABSOLUTE,49303
133,tutorprg.p65,IMPLIED,49306
134,tutorprg.p65,IMMEDIATE,49307
135,tutorprg.p65,RELATIVE,49309
136,tutorprg.p65,IMPLIED,49311
138,tutorprg.p65,LABEL,49312
140,tutorprg.p65,IMMEDIATE,49312
141,tutorprg.p65,IMMEDIATE,49314
142,tutorprg.p65,IMMEDIATE,49316
143,tutorprg.p65,ZERO-PAGE,49318
144,tutorprg.p65,IMMEDIATE,49320
145,tutorprg.p65,ZERO-PAGE,49322
146,tutorprg.p65,IMMEDIATE,49324
147,tutorprg.p65,ABSOLUTE,49326
148,tutorprg.p65,IMMEDIATE,49329
149,tutorprg.p65,ABSOLUTE,49331
150,tutorprg.p65,LABEL,49334
150,tutorprg.p65,INDIRECT-Y,49334
151,tutorprg.p65,ABSOLUTE,49336
152,tutorprg.p65,IMPLIED,49339
153,tutorprg.p65,RELATIVE,49340
154,tutorprg.p65,ZERO-PAGE,49342
155,tutorprg.p65,IMPLIED,49344
156,tutorprg.p65,RELATIVE,49345
159,tutorprg.p65,IMMEDIATE,49347
160,tutorprg.p65,IMMEDIATE,49349
161,tutorprg.p65,IMMEDIATE,49351
162,tutorprg.p65,LABEL,49353
162,tutorprg.p65,ABSOLUTE,49353
163,tutorprg.p65,IMPLIED,49356
164,tutorprg.p65,RELATIVE,49357
165,tutorprg.p65,IMPLIED,49359
166,tutorprg.p65,RELATIVE,49360
167,tutorprg.p65,IMPLIED,49362
169,tutorprg.p65,LABEL,49363
170,tutorprg.p65,IMMEDIATE,49363
171,tutorprg.p65,ZERO-PAGE,49365
172,tutorprg.p65,IMPLIED,49367
174,tutorprg.p65,LABEL,49368
175,tutorprg.p65,IMMEDIATE,49368
176,tutorprg.p65,ABSOLUTE,49370
178,tutorprg.p65,MEMORY,49373
179,tutorprg.p65,RELATIVE,49376
180,tutorprg.p65,IMMEDIATE,49378
181,tutorprg.p65,RELATIVE,49380
183,tutorprg.p65,IMMEDIATE,49382
184,tutorprg.p65,ZERO-PAGE,49384
185,tutorprg.p65,MEMORY,49386
186,tutorprg.p65,MEMORY,49389
187,tutorprg.p65,LABEL,49392
188,tutorprg.p65,IMMEDIATE,49392
189,tutorprg.p65,ZERO-PAGE,49394
190,tutorprg.p65,MEMORY,49396
192,tutorprg.p65,LABEL,49399
193,tutorprg.p65,IMPLIED,49399
194,tutorprg.p65,ZERO-PAGE,49400
195,tutorprg.p65,MEMORY,49402
196,tutorprg.p65,IMPLIED,49405
198,tutorprg.p65,LABEL,49406
199,tutorprg.p65,IMMEDIATE,49406
200,tutorprg.p65,ABSOLUTE,49408
201,tutorprg.p65,IMMEDIATE,49411
202,tutorprg.p65,ABSOLUTE,49413
204,tutorprg.p65,ABSOLUTE,49416
205,tutorprg.p65,IMMEDIATE,49419
206,tutorprg.p65,RELATIVE,49421
207,tutorprg.p65,ZERO-PAGE,49423
208,tutorprg.p65,RELATIVE,49425
209,tutorprg.p65,ZERO-PAGE,49427
210,tutorprg.p65,MEMORY,49429
211,tutorprg.p65,MEMORY,49432
212,tutorprg.p65,LABEL,49435
212,tutorprg.p65,ZERO-PAGE,49435
213,tutorprg.p65,LABEL,49437
213,tutorprg.p65,ABSOLUTE,49437
214,tutorprg.p65,ABSOLUTE,49440
215,tutorprg.p65,ABSOLUTE,49443
216,tutorprg.p65,ABSOLUTE,49446
217,tutorprg.p65,IMMEDIATE,49449
218,tutorprg.p65,RELATIVE,49451
219,tutorprg.p65,MEMORY,49453
220,tutorprg.p65,IMMEDIATE,49456
221,tutorprg.p65,RELATIVE,49458
222,tutorprg.p65,IMPLIED,49460
223,tutorprg.p65,MEMORY,49461
224,tutorprg.p65,LABEL,49464
224,tutorprg.p65,ABSOLUTE,49464
225,tutorprg.p65,IMMEDIATE,49467
226,tutorprg.p65,RELATIVE,49469
227,tutorprg.p65,MEMORY,49471
228,tutorprg.p65,IMMEDIATE,49474
229,tutorprg.p65,RELATIVE,49476
230,tutorprg.p65,IMPLIED,49478
231,tutorprg.p65,MEMORY,49479
232,tutorprg.p65,LABEL,49482
232,tutorprg.p65,IMPLIED,49482
234,tutorprg.p65,LABEL,49483
235,tutorprg.p65,IMMEDIATE,49483
236,tutorprg.p65,ZERO-PAGE,49485
237,tutorprg.p65,IMPLIED,49487
238,tutorprg.p65,IMMEDIATE,49488
239,tutorprg.p65,ZERO-PAGE,49490
240,tutorprg.p65,MEMORY,49492
241,tutorprg.p65,IMPLIED,49495
243,tutorprg.p65,LABEL,49496
244,tutorprg.p65,IMMEDIATE,49496
245,tutorprg.p65,ABSOLUTE,49498
246,tutorprg.p65,ABSOLUTE,49501
248,tutorprg.p65,ZERO-PAGE,49504
249,tutorprg.p65,RELATIVE,49506
250,tutorprg.p65,IMPLIED,49508
251,tutorprg.p65,ZERO-PAGE,49509
252,tutorprg.p65,IMMEDIATE,49511
253,tutorprg.p65,ABSOLUTE,49513
254,tutorprg.p65,ABSOLUTE,49516
256,tutorprg.p65,LABEL,49519
257,tutorprg.p65,IMPLIED,49519
259,tutorprg.p65,LABEL,49520
260,tutorprg.p65,IMPLIED,49520
261,tutorprg.p65,IMMEDIATE,49521
262,tutorprg.p65,ABSOLUTE,49523
263,tutorprg.p65,IMMEDIATE,49526
264,tutorprg.p65,ABSOLUTE,49528
265,tutorprg.p65,IMMEDIATE,49531
266,tutorprg.p65,ABSOLUTE,49533
267,tutorprg.p65,IMPLIED,49536
268,tutorprg.p65,IMPLIED,49537
270,tutorprg.p65,LABEL,49538
271,tutorprg.p65,IMPLIED,49538
272,tutorprg.p65,IMMEDIATE,49539
273,tutorprg.p65,ABSOLUTE,49541
274,tutorprg.p65,IMMEDIATE,49544
275,tutorprg.p65,ABSOLUTE,49546
276,tutorprg.p65,IMMEDIATE,49549
277,tutorprg.p65,ABSOLUTE,49551
278,tutorprg.p65,IMPLIED,49554
279,tutorprg.p65,IMPLIED,49555
281,tutorprg.p65,LABEL,49556
281,tutorprg.p65,MEMORY,49556
282,tutorprg.p65,MEMORY,49559
283,tutorprg.p65,MEMORY,49562
284,tutorprg.p65,LABEL,49565
284,tutorprg.p65,IMPLIED,49565
287,tutorprg.p65,LABEL,49566
288,tutorprg.p65,BYTE,49566
289,tutorprg.p65,BYTE,49582
292,tutorprg.p65,LABEL,49598
293,tutorprg.p65,BYTE,49598
294,tutorprg.p65,BYTE,49630
295,tutorprg.p65,BYTE,49662
296,tutorprg.p65,BYTE,49694
297,tutorprg.p65,BYTE,49726
298,tutorprg.p65,BYTE,49758
299,tutorprg.p65,BYTE,49790
300,tutorprg.p65,BYTE,49822
301,tutorprg.p65,BYTE,49854
302,tutorprg.p65,BYTE,49886
303,tutorprg.p65,BYTE,49918
304,tutorprg.p65,BYTE,49950
305,tutorprg.p65,BYTE,49982
306,tutorprg.p65,BYTE,50014
307,tutorprg.p65,BYTE,50046
308,tutorprg.p65,BYTE,50078
309,tutorprg.p65,BYTE,50110
310,tutorprg.p65,BYTE,50142
311,tutorprg.p65,BYTE,50174
312,tutorprg.p65,BYTE,50206
313,tutorprg.p65,BYTE,50238
314,tutorprg.p65,BYTE,50270
315,tutorprg.p65,BYTE,50302
316,tutorprg.p65,BYTE,50334
317,tutorprg.p65,BYTE,50366
318,tutorprg.p65,BYTE,50398
319,tutorprg.p65,BYTE,50430
320,tutorprg.p65,BYTE,50462
321,tutorprg.p65,BYTE,50494
322,tutorprg.p65,BYTE,50526
324,tutorprg.p65,BYTE,50540
325,tutorprg.p65,BYTE,50556
326,tutorprg.p65,BYTE,50572
327,tutorprg.p65,BYTE,50588
329,tutorprg.p65,ADVANCE,50604
330,tutorprg.p65,WORD,65530
8,tutorchr.p65,SETPC,65536
18,tutorchr.p65,ADVANCE,0
19,tutorchr.p65,BYTE,512
20,tutorchr.p65,BYTE,528
21,tutorchr.p65,BYTE,544
22,tutorchr.p65,BYTE,560
23,tutorchr.p65,BYTE,576
24,tutorchr.p65,BYTE,592
25,tutorchr.p65,BYTE,608
26,tutorchr.p65,BYTE,624
27,tutorchr.p65,BYTE,640
28,tutorchr.p65,BYTE,656
29,tutorchr.p65,BYTE,672
30,tutorchr.p65,BYTE,688
31,tutorchr.p65,BYTE,704
32,tutorchr.p65,BYTE,720
33,tutorchr.p65,BYTE,736
34,tutorchr.p65,BYTE,752
35,tutorchr.p65,BYTE,768
36,tutorchr.p65,BYTE,784
37,tutorchr.p65,BYTE,800
38,tutorchr.p65,BYTE,816
39,tutorchr.p65,BYTE,832
40,tutorchr.p65,BYTE,848
41,tutorchr.p65,BYTE,864
42,tutorchr.p65,BYTE,880
43,tutorchr.p65,BYTE,896
44,tutorchr.p65,BYTE,912
45,tutorchr.p65,BYTE,928
46,tutorchr.p65,BYTE,944
47,tutorchr.p65,BYTE,960
48,tutorchr.p65,BYTE,976
49,tutorchr.p65,BYTE,992
50,tutorchr.p65,BYTE,1008
51,tutorchr.p65,BYTE,1024
52,tutorchr.p65,BYTE,1040
53,tutorchr.p65,BYTE,1056
54,tutorchr.p65,BYTE,1072
55,tutorchr.p65,BYTE,1088
56,tutorchr.p65,BYTE,1104
57,tutorchr.p65,BYTE,1120
58,tutorchr.p65,BYTE,1136
59,tutorchr.p65,BYTE,1152
60,tutorchr.p65,BYTE,1168
61,tutorchr.p65,BYTE,1184
62,tutorchr.p65,BYTE,1200
63,tutorchr.p65,BYTE,1216
64,tutorchr.p65,BYTE,1232
65,tutorchr.p65,BYTE,1248
66,tutorchr.p65,BYTE,1264
67,tutorchr.p65,BYTE,1280
68,tutorchr.p65,BYTE,1296
69,tutorchr.p65,BYTE,1312
70,tutorchr.p65,BYTE,1328
71,tutorchr.p65,BYTE,1344
72,tutorchr.p65,BYTE,1360
73,tutorchr.p65,BYTE,1376
74,tutorchr.p65,BYTE,1392
75,tutorchr.p65,BYTE,1408
76,tutorchr.p65,BYTE,1424
77,tutorchr.p65,BYTE,1440
78,tutorchr.p65,BYTE,1456
79,tutorchr.p65,BYTE,1472
80,tutorchr.p65,BYTE,1488
81,tutorchr.p65,BYTE,1504
82,tutorchr.p65,BYTE,1520
85,tutorchr.p65,ADVANCE,1536
90,tutorchr.p65,BYTE,4096
91,tutorchr.p65,BYTE,4112
95,tutorchr.p65,ADVANCE,4128
4,tutor.p65,BYTE,0
5,tutor.p65,BYTE,0
8,tutor.p65,BYTE,0
11,tutor.p65,BYTE,0
15,tutor.p65,BYTE,0
18,tutor.p65,BYTE,0
5,tutorprg.p65,LABEL,0
20,tutorprg.p65,LABEL,0
20,tutorprg.p65,SETPC,0
21,tutorprg.p65,SETPC,0
22,tutorprg.p65,LABEL,0
22,tutorprg.p65,SETPC,0
23,tutorprg.p65,LABEL,0
23,tutorprg.p65,SETPC,0
24,tutorprg.p65,LABEL,0
24,tutorprg.p65,SETPC,0
31,tutorprg.p65,LABEL,0
31,tutorprg.p65,SETPC,0
32,tutorprg.p65,SETPC,0
34,tutorprg.p65,LABEL,0
34,tutorprg.p65,IMPLIED,0
35,tutorprg.p65,IMPLIED,0
37,tutorprg.p65,LABEL,0
37,tutorprg.p65,ABSOLUTE,0
38,tutorprg.p65,RELATIVE,0
39,tutorprg.p65,LABEL,0
39,tutorprg.p65,ABSOLUTE,0
40,tutorprg.p65,RELATIVE,0
43,tutorprg.p65,IMMEDIATE,0
44,tutorprg.p65,IMMEDIATE,0
45,tutorprg.p65,LABEL,0
45,tutorprg.p65,ZERO-PAGE-X,0
46,tutorprg.p65,ABSOLUTE-X,0
47,tutorprg.p65,ABSOLUTE-X,0
48,tutorprg.p65,ABSOLUTE-X,0
49,tutorprg.p65,ABSOLUTE-X,0
50,tutorprg.p65,ABSOLUTE-X,0
51,tutorprg.p65,ABSOLUTE-X,0
52,tutorprg.p65,ABSOLUTE-X,0
53,tutorprg.p65,IMPLIED,0
54,tutorprg.p65,RELATIVE,0
57,tutorprg.p65,IMMEDIATE,0
58,tutorprg.p65,IMPLIED,0
61,tutorprg.p65,IMMEDIATE,0
62,tutorprg.p65,ABSOLUTE,0
63,tutorprg.p65,ABSOLUTE,0
65,tutorprg.p65,MEMORY,0
66,tutorprg.p65,MEMORY,0
67,tutorprg.p65,MEMORY,0
71,tutorprg.p65,IMMEDIATE,0
72,tutorprg.p65,ABSOLUTE,0
73,tutorprg.p65,IMMEDIATE,0
74,tutorprg.p65,ABSOLUTE,0
76,tutorprg.p65,IMPLIED,0
79,tutorprg.p65,LABEL,0
79,tutorprg.p65,MEMORY,0
81,tutorprg.p65,LABEL,0
82,tutorprg.p65,MEMORY,0
83,tutorprg.p65,MEMORY,0
84,tutorprg.p65,MEMORY,0
85,tutorprg.p65,MEMORY,0
86,tutorprg.p65,IMPLIED,0
88,tutorprg.p65,LABEL,0
90,tutorprg.p65,IMMEDIATE,0
91,tutorprg.p65,ZERO-PAGE,0
92,tutorprg.p65,IMPLIED,0
94,tutorprg.p65,LABEL,0
96,tutorprg.p65,IMMEDIATE,0
97,tutorprg.p65,ABSOLUTE,0
98,tutorprg.p65,IMMEDIATE,0
99,tutorprg.p65,ABSOLUTE,0
100,tutorprg.p65,IMMEDIATE,0
101,tutorprg.p65,ABSOLUTE,0
102,tutorprg.p65,IMPLIED,0
104,tutorprg.p65,LABEL,0
106,tutorprg.p65,IMMEDIATE,0
107,tutorprg.p65,IMMEDIATE,0
108,tutorprg.p65,LABEL,0
108,tutorprg.p65,MEMORY-X,0
109,tutorprg.p65,IMPLIED,0
110,tutorprg.p65,RELATIVE,0
113,tutorprg.p65,IMMEDIATE,0
114,tutorprg.p65,MEMORY,0
115,tutorprg.p65,IMMEDIATE,0
116,tutorprg.p65,MEMORY,0
117,tutorprg.p65,MEMORY,0
121,tutorprg.p65,IMMEDIATE,0
122,tutorprg.p65,ZERO-PAGE,0
123,tutorprg.p65,IMPLIED,0
126,tutorprg.p65,LABEL,0
127,tutorprg.p65,IMMEDIATE,0
128,tutorprg.p65,IMMEDIATE,0
129,tutorprg.p65,ABSOLUTE,0
130,tutorprg.p65,ABSOLUTE,0
131,tutorprg.p65,LABEL,0
131,tutorprg.p65,MEMORY-X,0
132,tutorprg.p65,ABSOLUTE,0
133,tutorprg.p65,IMPLIED,0
134,tutorprg.p65,IMMEDIATE,0
135,tutorprg.p65,RELATIVE,0
136,tutorprg.p65,IMPLIED,0
138,tutorprg.p65,LABEL,0
140,tutorprg.p65,IMMEDIATE,0
141,tutorprg.p65,IMMEDIATE,0
142,tutorprg.p65,IMMEDIATE,0
143,tutorprg.p65,ZERO-PAGE,0
144,tutorprg.p65,IMMEDIATE,0
145,tutorprg.p65,ZERO-PAGE,0
146,tutorprg.p65,IMMEDIATE,0
147,tutorprg.p65,ABSOLUTE,0
148,tutorprg.p65,IMMEDIATE,0
149,tutorprg.p65,ABSOLUTE,0
150,tutorprg.p65,LABEL,0
150,tutorprg.p65,INDIRECT-Y,0
151,tutorprg.p65,ABSOLUTE,0
152,tutorprg.p65,IMPLIED,0
153,tutorprg.p65,RELATIVE,0
154,tutorprg.p65,ZERO-PAGE,0
155,tutorprg.p65,IMPLIED,0
156,tutorprg.p65,RELATIVE,0
159,tutorprg.p65,IMMEDIATE,0
160,tutorprg.p65,IMMEDIATE,0
161,tutorprg.p65,IMMEDIATE,0
162,tutorprg.p65,LABEL,0
162,tutorprg.p65,ABSOLUTE,0
163,tutorprg.p65,IMPLIED,0
164,tutorprg.p65,RELATIVE,0
165,tutorprg.p65,IMPLIED,0
166,tutorprg.p65,RELATIVE,0
167,tutorprg.p65,IMPLIED,0
169,tutorprg.p65,LABEL,0
170,tutorprg.p65,IMMEDIATE,0
171,tutorprg.p65,ZERO-PAGE,0
172,tutorprg.p65,IMPLIED,0
174,tutorprg.p65,LABEL,0
175,tutorprg.p65,IMMEDIATE,0
176,tutorprg.p65,ABSOLUTE,0
178,tutorprg.p65,MEMORY,0
179,tutorprg.p65,RELATIVE,0
180,tutorprg.p65,IMMEDIATE,0
181,tutorprg.p65,RELATIVE,0
183,tutorprg.p65,IMMEDIATE,0
184,tutorprg.p65,ZERO-PAGE,0
185,tutorprg.p65,MEMORY,0
186,tutorprg.p65,MEMORY,0
187,tutorprg.p65,LABEL,0
188,tutorprg.p65,IMMEDIATE,0
189,tutorprg.p65,ZERO-PAGE,0
190,tutorprg.p65,MEMORY,0
192,tutorprg.p65,LABEL,0
193,tutorprg.p65,IMPLIED,0
194,tutorprg.p65,ZERO-PAGE,0
195,tutorprg.p65,MEMORY,0
196,tutorprg.p65,IMPLIED,0
198,tutorprg.p65,LABEL,0
199,tutorprg.p65,IMMEDIATE,0
200,tutorprg.p65,ABSOLUTE,0
201,tutorprg.p65,IMMEDIATE,0
202,tutorprg.p65,ABSOLUTE,0
204,tutorprg.p65,ABSOLUTE,0
205,tutorprg.p65,IMMEDIATE,0
206,tutorprg.p65,RELATIVE,0
207,tutorprg.p65,ZERO-PAGE,0
208,tutorprg.p65,RELATIVE,0
209,tutorprg.p65,ZERO-PAGE,0
210,tutorprg.p65,MEMORY,0
211,tutorprg.p65,MEMORY,0
212,tutorprg.p65,LABEL,0
212,tutorprg.p65,ZERO-PAGE,0
213,tutorprg.p65,LABEL,0
213,tutorprg.p65,ABSOLUTE,0
214,tutorprg.p65,ABSOLUTE,0
215,tutorprg.p65,ABSOLUTE,0
216,tutorprg.p65,ABSOLUTE,0
217,tutorprg.p65,IMMEDIATE,0
218,tutorprg.p65,RELATIVE,0
219,tutorprg.p65,MEMORY,0
220,tutorprg.p65,IMMEDIATE,0
221,tutorprg.p65,RELATIVE,0
222,tutorprg.p65,IMPLIED,0
223,tutorprg.p65,MEMORY,0
224,tutorprg.p65,LABEL,0
224,tutorprg.p65,ABSOLUTE,0
225,tutorprg.p65,IMMEDIATE,0
226,tutorprg.p65,RELATIVE,0
227,tutorprg.p65,MEMORY,0
228,tutorprg.p65,IMMEDIATE,0
229,tutorprg.p65,RELATIVE,0
230,tutorprg.p65,IMPLIED,0
231,tutorprg.p65,MEMORY,0
232,tutorprg.p65,LABEL,0
232,tutorprg.p65,IMPLIED,0
234,tutorprg.p65,LABEL,0
235,tutorprg.p65,IMMEDIATE,0
236,tutorprg.p65,ZERO-PAGE,0
237,tutorprg.p65,IMPLIED,0
238,tutorprg.p65,IMMEDIATE,0
239,tutorprg.p65,ZERO-PAGE,0
240,tutorprg.p65,MEMORY,0
241,tutorprg.p65,IMPLIED,0
243,tutorprg.p65,LABEL,0
244,tutorprg.p65,IMMEDIATE,0
245,tutorprg.p65,ABSOLUTE,0
246,tutorprg.p65,ABSOLUTE,0
248,tutorprg.p65,ZERO-PAGE,0
249,tutorprg.p65,RELATIVE,0
250,tutorprg.p65,IMPLIED,0
251,tutorprg.p65,ZERO-PAGE,0
252,tutorprg.p65,IMMEDIATE,0
253,tutorprg.p65,ABSOLUTE,0
254,tutorprg.p65,ABSOLUTE,0
256,tutorprg.p65,LABEL,0
257,tutorprg.p65,IMPLIED,0
259,tutorprg.p65,LABEL,0
260,tutorprg.p65,IMPLIED,0
261,tutorprg.p65,IMMEDIATE,0
262,tutorprg.p65,ABSOLUTE,0
263,tutorprg.p65,IMMEDIATE,0
264,tutorprg.p65,ABSOLUTE,0
265,tutorprg.p65,IMMEDIATE,0
266,tutorprg.p65,ABSOLUTE,0
267,tutorprg.p65,IMPLIED,0
268,tutorprg.p65,IMPLIED,0
270,tutorprg.p65,LABEL,0
271,tutorprg.p65,IMPLIED,0
272,tutorprg.p65,IMMEDIATE,0
273,tutorprg.p65,ABSOLUTE,0
274,tutorprg.p65,IMMEDIATE,0
275,tutorprg.p65,ABSOLUTE,0
276,tutorprg.p65,IMMEDIATE,0
277,tutorprg.p65,ABSOLUTE,0
278,tutorprg.p65,IMPLIED,0
279,tutorprg.p65,IMPLIED,0
281,tutorprg.p65,LABEL,0
281,tutorprg.p65,MEMORY,0
282,tutorprg.p65,MEMORY,0
283,tutorprg.p65,MEMORY,0
284,tutorprg.p65,LABEL,0
284,tutorprg.p65,IMPLIED,0
287,tutorprg.p65,LABEL,0
288,tutorprg.p65,BYTE,0
289,tutorprg.p65,BYTE,0
292,tutorprg.p65,LABEL,0
293,tutorprg.p65,BYTE,0
294,tutorprg.p65,BYTE,0
295,tutorprg.p65,BYTE,0
296,tutorprg.p65,BYTE,0
297,tutorprg.p65,BYTE,0
298,tutorprg.p65,BYTE,0
299,tutorprg.p65,BYTE,0
300,tutorprg.p65,BYTE,0
301,tutorprg.p65,BYTE,0
302,tutorprg.p65,BYTE,0
303,tutorprg.p65,BYTE,0
304,tutorprg.p65,BYTE,0
305,tutorprg.p65,BYTE,0
306,tutorprg.p65,BYTE,0
307,tutorprg.p65,BYTE,0
308,tutorprg.p65,BYTE,0
309,tutorprg.p65,BYTE,0
310,tutorprg.p65,BYTE,0
311,tutorprg.p65,BYTE,0
312,tutorprg.p65,BYTE,0
313,tutorprg.p65,BYTE,0
314,tutorprg.p65,BYTE,0
315,tutorprg.p65,BYTE,0
316,tutorprg.p65,BYTE,0
317,tutorprg.p65,BYTE,0
318,tutorprg.p65,BYTE,0
319,tutorprg.p65,BYTE,0
320,tutorprg.p65,BYTE,0
321,tutorprg.p65,BYTE,0
322,tutorprg.p65,BYTE,0
324,tutorprg.p65,BYTE,0
325,tutorprg.p65,BYTE,0
326,tutorprg.p65,BYTE,0
327,tutorprg.p65,BYTE,0
329,tutorprg.p65,ADVANCE,0
330,tutorprg.p65,WORD,0
8,tutorchr.p65,SETPC,0
18,tutorchr.p65,ADVANCE,0
19,tutorchr.p65,BYTE,0
20,tutorchr.p65,BYTE,0
21,tutorchr.p65,BYTE,0
22,tutorchr.p65,BYTE,0
23,tutorchr.p65,BYTE,0
24,tutorchr.p65,BYTE,0
25,tutorchr.p65,BYTE,0
26,tutorchr.p65,BYTE,0
27,tutorchr.p65,BYTE,0
28,tutorchr.p65,BYTE,0
29,tutorchr.p65,BYTE,0
30,tutorchr.p65,BYTE,0
31,tutorchr.p65,BYTE,0
32,tutorchr.p65,BYTE,0
33,tutorchr.p65,BYTE,0
34,tutorchr.p65,BYTE,0
35,tutorchr.p65,BYTE,0
36,tutorchr.p65,BYTE,0
37,tutorchr.p65,BYTE,0
38,tutorchr.p65,BYTE,0
39,tutorchr.p65,BYTE,0
40,tutorchr.p65,BYTE,0
41,tutorchr.p65,BYTE,0
42,tutorchr.p65,BYTE,0
43,tutorchr.p65,BYTE,0
44,tutorchr.p65,BYTE,0
45,tutorchr.p65,BYTE,0
46,tutorchr.p65,BYTE,0
47,tutorchr.p65,BYTE,0
48,tutorchr.p65,BYTE,0
49,tutorchr.p65,BYTE,0
50,tutorchr.p65,BYTE,0
51,tutorchr.p65,BYTE,0
52,tutorchr.p65,BYTE,0
53,tutorchr.p65,BYTE,0
54,tutorchr.p65,BYTE,0
55,tutorchr.p65,BYTE,0
56,tutorchr.p65,BYTE,0
57,tutorchr.p65,BYTE,0
58,tutorchr.p65,BYTE,0
59,tutorchr.p65,BYTE,0
60,tutorchr.p65,BYTE,0
61,tutorchr.p65,BYTE,0
62,tutorchr.p65,BYTE,0
63,tutorchr.p65,BYTE,0
64,tutorchr.p65,BYTE,0
65,tutorchr.p65,BYTE,0
66,tutorchr.p65,BYTE,0
67,tutorchr.p65,BYTE,0
68,tutorchr.p65,BYTE,0
69,tutorchr.p65,BYTE,0
70,tutorchr.p65,BYTE,0
71,tutorchr.p65,BYTE,0
72,tutorchr.p65,BYTE,0
73,tutorchr.p65,BYTE,0
74,tutorchr.p65,BYTE,0
75,tutorchr.p65,BYTE,0
76,tutorchr.p65,BYTE,0
77,tutorchr.p65,BYTE,0
78,tutorchr.p65,BYTE,0
79,tutorchr.p65,BYTE,0
80,tutorchr.p65,BYTE,0
81,tutorchr.p65,BYTE,0
82,tutorchr.p65,BYTE,0
85,tutorchr.p65,ADVANCE,0
90,tutorchr.p65,BYTE,0
91,tutorchr.p65,BYTE,0
95,tutorchr.p65,ADVANCE,0
4,tutor.p65,BYTE,0
5,tutor.p65,BYTE,0
8,tutor.p65,BYTE,0
11,tutor.p65,BYTE,0
15,tutor.p65,BYTE,0
18,tutor.p65,BYTE,0
5,tutorprg.p65,LABEL,0
20,tutorprg.p65,LABEL,0
20,tutorprg.p65,SETPC,0
21,tutorprg.p65,SETPC,0
22,tutorprg.p65,LABEL,0
22,tutorprg.p65,SETPC,0
23,tutorprg.p65,LABEL,0
23,tutorprg.p65,SETPC,0
24,tutorprg.p65,LABEL,0
24,tutorprg.p65,SETPC,0
31,tutorprg.p65,LABEL,0
31,tutorprg.p65,SETPC,0
32,tutorprg.p65,SETPC,0
34,tutorprg.p65,LABEL,0
34,tutorprg.p65,IMPLIED,0
35,tutorprg.p65,IMPLIED,0
37,tutorprg.p65,LABEL,0
37,tutorprg.p65,ABSOLUTE,0
38,tutorprg.p65,RELATIVE,0
39,tutorprg.p65,LABEL,0
39,tutorprg.p65,ABSOLUTE,0
40,tutorprg.p65,RELATIVE,0
43,tutorprg.p65,IMMEDIATE,0
44,tutorprg.p65,IMMEDIATE,0
45,tutorprg.p65,LABEL,0
45,tutorprg.p65,ZERO-PAGE-X,0
46,tutorprg.p65,ABSOLUTE-X,0
47,tutorprg.p65,ABSOLUTE-X,0
48,tutorprg.p65,ABSOLUTE-X,0
49,tutorprg.p65,ABSOLUTE-X,0
50,tutorprg.p65,ABSOLUTE-X,0
51,tutorprg.p65,ABSOLUTE-X,0
52,tutorprg.p65,ABSOLUTE-X,0
53,tutorprg.p65,IMPLIED,0
54,tutorprg.p65,RELATIVE,0
57,tutorprg.p65,IMMEDIATE,0
58,tutorprg.p65,IMPLIED,0
61,tutorprg.p65,IMMEDIATE,0
62,tutorprg.p65,ABSOLUTE,0
63,tutorprg.p65,ABSOLUTE,0
65,tutorprg.p65,MEMORY,0
66,tutorprg.p65,MEMORY,0
67,tutorprg.p65,MEMORY,0
71,tutorprg.p65,IMMEDIATE,0
72,tutorprg.p65,ABSOLUTE,0
73,tutorprg.p65,IMMEDIATE,0
74,tutorprg.p65,ABSOLUTE,0
76,tutorprg.p65,IMPLIED,0
79,tutorprg.p65,LABEL,0
79,tutorprg.p65,MEMORY,0
81,tutorprg.p65,LABEL,0
82,tutorprg.p65,MEMORY,0
83,tutorprg.p65,MEMORY,0
84,tutorprg.p65,MEMORY,0
85,tutorprg.p65,MEMORY,0
86,tutorprg.p65,IMPLIED,0
88,tutorprg.p65,LABEL,0
90,tutorprg.p65,IMMEDIATE,0
91,tutorprg.p65,ZERO-PAGE,0
92,tutorprg.p65,IMPLIED,0
94,tutorprg.p65,LABEL,0
96,tutorprg.p65,IMMEDIATE,0
97,tutorprg.p65,ABSOLUTE,0
98,tutorprg.p65,IMMEDIATE,0
99,tutorprg.p65,ABSOLUTE,0
100,tutorprg.p65,IMMEDIATE,0
101,tutorprg.p65,ABSOLUTE,0
102,tutorprg.p65,IMPLIED,0
104,tutorprg.p65,LABEL,0
106,tutorprg.p65,IMMEDIATE,0
107,tutorprg.p65,IMMEDIATE,0
108,tutorprg.p65,LABEL,0
108,tutorprg.p65,MEMORY-X,0
109,tutorprg.p65,IMPLIED,0
110,tutorprg.p65,RELATIVE,0
113,tutorprg.p65,IMMEDIATE,0
114,tutorprg.p65,MEMORY,0
115,tutorprg.p65,IMMEDIATE,0
116,tutorprg.p65,MEMORY,0
117,tutorprg.p65,MEMORY,0
121,tutorprg.p65,IMMEDIATE,0
122,tutorprg.p65,ZERO-PAGE,0
123,tutorprg.p65,IMPLIED,0
126,tutorprg.p65,LABEL,0
127,tutorprg.p65,IMMEDIATE,0
128,tutorprg.p65,IMMEDIATE,0
129,tutorprg.p65,ABSOLUTE,0
130,tutorprg.p65,ABSOLUTE,0
131,tutorprg.p65,LABEL,0
131,tutorprg.p65,MEMORY-X,0
132,tutorprg.p65,ABSOLUTE,0
133,tutorprg.p65,IMPLIED,0
134,tutorprg.p65,IMMEDIATE,0
135,tutorprg.p65,RELATIVE,0
136,tutorprg.p65,IMPLIED,0
138,tutorprg.p65,LABEL,0
140,tutorprg.p65,IMMEDIATE,0
141,tutorprg.p65,IMMEDIATE,0
142,tutorprg.p65,IMMEDIATE,0
143,tutorprg.p65,ZERO-PAGE,0
144,tutorprg.p65,IMMEDIATE,0
145,tutorprg.p65,ZERO-PAGE,0
146,tutorprg.p65,IMMEDIATE,0
147,tutorprg.p65,ABSOLUTE,0
148,tutorprg.p65,IMMEDIATE,0
149,tutorprg.p65,ABSOLUTE,0
150,tutorprg.p65,LABEL,0
150,tutorprg.p65,INDIRECT-Y,0
151,tutorprg.p65,ABSOLUTE,0
152,tutorprg.p65,IMPLIED,0
153,tutorprg.p65,RELATIVE,0
154,tutorprg.p65,ZERO-PAGE,0
155,tutorprg.p65,IMPLIED,0
156,tutorprg.p65,RELATIVE,0
159,tutorprg.p65,IMMEDIATE,0
160,tutorprg.p65,IMMEDIATE,0
161,tutorprg.p65,IMMEDIATE,0
162,tutorprg.p65,LABEL,0
162,tutorprg.p65,ABSOLUTE,0
163,tutorprg.p65,IMPLIED,0
164,tutorprg.p65,RELATIVE,0
165,tutorprg.p65,IMPLIED,0
166,tutorprg.p65,RELATIVE,0
167,tutorprg.p65,IMPLIED,0
169,tutorprg.p65,LABEL,0
170,tutorprg.p65,IMMEDIATE,0
171,tutorprg.p65,ZERO-PAGE,0
172,tutorprg.p65,IMPLIED,0
174,tutorprg.p65,LABEL,0
175,tutorprg.p65,IMMEDIATE,0
176,tutorprg.p65,ABSOLUTE,0
178,tutorprg.p65,MEMORY,0
179,tutorprg.p65,RELATIVE,0
180,tutorprg.p65,IMMEDIATE,0
181,tutorprg.p65,RELATIVE,0
183,tutorprg.p65,IMMEDIATE,0
184,tutorprg.p65,ZERO-PAGE,0
185,tutorprg.p65,MEMORY,0
186,tutorprg.p65,MEMORY,0
187,tutorprg.p65,LABEL,0
188,tutorprg.p65,IMMEDIATE,0
189,tutorprg.p65,ZERO-PAGE,0
190,tutorprg.p65,MEMORY,0
192,tutorprg.p65,LABEL,0
193,tutorprg.p65,IMPLIED,0
194,tutorprg.p65,ZERO-PAGE,0
195,tutorprg.p65,MEMORY,0
196,tutorprg.p65,IMPLIED,0
198,tutorprg.p65,LABEL,0
199,tutorprg.p65,IMMEDIATE,0
200,tutorprg.p65,ABSOLUTE,0
201,tutorprg.p65,IMMEDIATE,0
202,tutorprg.p65,ABSOLUTE,0
204,tutorprg.p65,ABSOLUTE,0
205,tutorprg.p65,IMMEDIATE,0
206,tutorprg.p65,RELATIVE,0
207,tutorprg.p65,ZERO-PAGE,0
208,tutorprg.p65,RELATIVE,0
209,tutorprg.p65,ZERO-PAGE,0
210,tutorprg.p65,MEMORY,0
211,tutorprg.p65,MEMORY,0
212,tutorprg.p65,LABEL,0
212,tutorprg.p65,ZERO-PAGE,0
213,tutorprg.p65,LABEL,0
213,tutorprg.p65,ABSOLUTE,0
214,tutorprg.p65,ABSOLUTE,0
215,tutorprg.p65,ABSOLUTE,0
216,tutorprg.p65,ABSOLUTE,0
217,tutorprg.p65,IMMEDIATE,0
218,tutorprg.p65,RELATIVE,0
219,tutorprg.p65,MEMORY,0
220,tutorprg.p65,IMMEDIATE,0
221,tutorprg.p65,RELATIVE,0
222,tutorprg.p65,IMPLIED,0
223,tutorprg.p65,MEMORY,0
224,tutorprg.p65,LABEL,0
224,tutorprg.p65,ABSOLUTE,0
225,tutorprg.p65,IMMEDIATE,0
226,tutorprg.p65,RELATIVE,0
227,tutorprg.p65,MEMORY,0
228,tutorprg.p65,IMMEDIATE,0
229,tutorprg.p65,RELATIVE,0
230,tutorprg.p65,IMPLIED,0
231,tutorprg.p65,MEMORY,0
232,tutorprg.p65,LABEL,0
232,tutorprg.p65,IMPLIED,0
234,tutorprg.p65,LABEL,0
235,tutorprg.p65,IMMEDIATE,0
236,tutorprg.p65,ZERO-PAGE,0
237,tutorprg.p65,IMPLIED,0
238,tutorprg.p65,IMMEDIATE,0
239,tutorprg.p65,ZERO-PAGE,0
240,tutorprg.p65,MEMORY,0
241,tutorprg.p65,IMPLIED,0
243,tutorprg.p65,LABEL,0
244,tutorprg.p65,IMMEDIATE,0
245,tutorprg.p65,ABSOLUTE,0
246,tutorprg.p65,ABSOLUTE,0
248,tutorprg.p65,ZERO-PAGE,0
249,tutorprg.p65,RELATIVE,0
250,tutorprg.p65,IMPLIED,0
251,tutorprg.p65,ZERO-PAGE,0
252,tutorprg.p65,IMMEDIATE,0
253,tutorprg.p65,ABSOLUTE,0
254,tutorprg.p65,ABSOLUTE,0
256,tutorprg.p65,LABEL,0
257,tutorprg.p65,IMPLIED,0
259,tutorprg.p65,LABEL,0
260,tutorprg.p65,IMPLIED,0
261,tutorprg.p65,IMMEDIATE,0
262,tutorprg.p65,ABSOLUTE,0
263,tutorprg.p65,IMMEDIATE,0
264,tutorprg.p65,ABSOLUTE,0
265,tutorprg.p65,IMMEDIATE,0
266,tutorprg.p65,ABSOLUTE,0
267,tutorprg.p65,IMPLIED,0
268,tutorprg.p65,IMPLIED,0
270,tutorprg.p65,LABEL,0
271,tutorprg.p65,IMPLIED,0
272,tutorprg.p65,IMMEDIATE,0
273,tutorprg.p65,ABSOLUTE,0
274,tutorprg.p65,IMMEDIATE,0
275,tutorprg.p65,ABSOLUTE,0
276,tutorprg.p65,IMMEDIATE,0
277,tutorprg.p65,ABSOLUTE,0
278,tutorprg.p65,IMPLIED,0
279,tutorprg.p65,IMPLIED,0
281,tutorprg.p65,LABEL,0
281,tutorprg.p65,MEMORY,0
282,tutorprg.p65,MEMORY,0
283,tutorprg.p65,MEMORY,0
284,tutorprg.p65,LABEL,0
284,tutorprg.p65,IMPLIED,0
287,tutorprg.p65,LABEL,0
288,tutorprg.p65,BYTE,0
289,tutorprg.p65,BYTE,0
292,tutorprg.p65,LABEL,0
293,tutorprg.p65,BYTE,0
294,tutorprg.p65,BYTE,0
295,tutorprg.p65,BYTE,0
296,tutorprg.p65,BYTE,0
297,tutorprg.p65,BYTE,0
298,tutorprg.p65,BYTE,0
299,tutorprg.p65,BYTE,0
300,tutorprg.p65,BYTE,0
301,tutorprg.p65,BYTE,0
302,tutorprg.p65,BYTE,0
303,tutorprg.p65,BYTE,0
304,tutorprg.p65,BYTE,0
305,tutorprg.p65,BYTE,0
306,tutorprg.p65,BYTE,0
307,tutorprg.p65,BYTE,0
308,tutorprg.p65,BYTE,0
309,tutorprg.p65,BYTE,0
310,tutorprg.p65,BYTE,0
311,tutorprg.p65,BYTE,0
312,tutorprg.p65,BYTE,0
313,tutorprg.p65,BYTE,0
314,tutorprg.p65,BYTE,0
315,tutorprg.p65,BYTE,0
316,tutorprg.p65,BYTE,0
317,tutorprg.p65,BYTE,0
318,tutorprg.p65,BYTE,0
319,tutorprg.p65,BYTE,0
320,tutorprg.p65,BYTE,0
321,tutorprg.p65,BYTE,0
322,tutorprg.p65,BYTE,0
324,tutorprg.p65,BYTE,0
325,tutorprg.p65,BYTE,0
326,tutorprg.p65,BYTE,0
327,tutorprg.p65,BYTE,0
329,tutorprg.p65,ADVANCE,0
330,tutorprg.p65,WORD,0
8,tutorchr.p65,SETPC,0
18,tutorchr.p65,ADVANCE,0
19,tutorchr.p65,BYTE,0
20,tutorchr.p65,BYTE,0
21,tutorchr.p65,BYTE,0
22,tutorchr.p65,BYTE,0
23,tutorchr.p65,BYTE,0
24,tutorchr.p65,BYTE,0
25,tutorchr.p65,BYTE,0
26,tutorchr.p65,BYTE,0
27,tutorchr.p65,BYTE,0
28,tutorchr.p65,BYTE,0
29,tutorchr.p65,BYTE,0
30,tutorchr.p65,BYTE,0
31,tutorchr.p65,BYTE,0
32,tutorchr.p65,BYTE,0
33,tutorchr.p65,BYTE,0
34,tutorchr.p65,BYTE,0
35,tutorchr.p65,BYTE,0
36,tutorchr.p65,BYTE,0
37,tutorchr.p65,BYTE,0
38,tutorchr.p65,BYTE,0
39,tutorchr.p65,BYTE,0
40,tutorchr.p65,BYTE,0
41,tutorchr.p65,BYTE,0
42,tutorchr.p65,BYTE,0
43,tutorchr.p65,BYTE,0
44,tutorchr.p65,BYTE,0
45,tutorchr.p65,BYTE,0
46,tutorchr.p65,BYTE,0
47,tutorchr.p65,BYTE,0
48,tutorchr.p65,BYTE,0
49,tutorchr.p65,BYTE,0
50,tutorchr.p65,BYTE,0
51,tutorchr.p65,BYTE,0
52,tutorchr.p65,BYTE,0
53,tutorchr.p65,BYTE,0
54,tutorchr.p65,BYTE,0
55,tutorchr.p65,BYTE,0
56,tutorchr.p65,BYTE,0
57,tutorchr.p65,BYTE,0
58,tutorchr.p65,BYTE,0
59,tutorchr.p65,BYTE,0
60,tutorchr.p65,BYTE,0
61,tutorchr.p65,BYTE,0
62,tutorchr.p65,BYTE,0
63,tutorchr.p65,BYTE,0
64,tutorchr.p65,BYTE,0
65,tutorchr.p65,BYTE,0
66,tutorchr.p65,BYTE,0
67,tutorchr.p65,BYTE,0
68,tutorchr.p65,BYTE,0
69,tutorchr.p65,BYTE,0
70,tutorchr.p65,BYTE,0
71,tutorchr.p65,BYTE,0
72,tutorchr.p65,BYTE,0
73,tutorchr.p65,BYTE,0
74,tutorchr.p65,BYTE,0
75,tutorchr.p65,BYTE,0
76,tutorchr.p65,BYTE,0
77,tutorchr.p65,BYTE,0
78,tutorchr.p65,BYTE,0
79,tutorchr.p65,BYTE,0
80,tutorchr.p65,BYTE,0
81,tutorchr.p65,BYTE,0
82,tutorchr.p65,BYTE,0
85,tutorchr.p65,ADVANCE,0
90,tutorchr.p65,BYTE,0
91,tutorchr.p65,BYTE,0
95,tutorchr.p65,ADVANCE,0
4,tutor.p65,BYTE,0
5,tutor.p65,BYTE,3
8,tutor.p65,BYTE,4
11,tutor.p65,BYTE,5
15,tutor.p65,BYTE,6
18,tutor.p65,BYTE,8
5,tutorprg.p65,LABEL,16
20,tutorprg.p65,LABEL,16
20,tutorprg.p65,SETPC,16
21,tutorprg.p65,SETPC,0
22,tutorprg.p65,LABEL,0
22,tutorprg.p65,SETPC,0
23,tutorprg.p65,LABEL,1
23,tutorprg.p65,SETPC,1
24,tutorprg.p65,LABEL,2
24,tutorprg.p65,SETPC,2
31,tutorprg.p65,LABEL,3
31,tutorprg.p65,SETPC,3
32,tutorprg.p65,SETPC,16
34,tutorprg.p65,LABEL,49152
34,tutorprg.p65,IMPLIED,49152
35,tutorprg.p65,IMPLIED,49153
37,tutorprg.p65,LABEL,49154
37,tutorprg.p65,ABSOLUTE,49154
38,tutorprg.p65,RELATIVE,49157
39,tutorprg.p65,LABEL,49159
39,tutorprg.p65,ABSOLUTE,49159
40,tutorprg.p65,RELATIVE,49162
43,tutorprg.p65,IMMEDIATE,49164
44,tutorprg.p65,IMMEDIATE,49166
45,tutorprg.p65,LABEL,49168
45,tutorprg.p65,ZERO-PAGE-X,49168
46,tutorprg.p65,ABSOLUTE-X,49170
47,tutorprg.p65,ABSOLUTE-X,49173
48,tutorprg.p65,ABSOLUTE-X,49176
49,tutorprg.p65,ABSOLUTE-X,49179
50,tutorprg.p65,ABSOLUTE-X,49182
51,tutorprg.p65,ABSOLUTE-X,49185
52,tutorprg.p65,ABSOLUTE-X,49188
53,tutorprg.p65,IMPLIED,49191
54,tutorprg.p65,RELATIVE,49192
57,tutorprg.p65,IMMEDIATE,49194
58,tutorprg.p65,IMPLIED,49196
61,tutorprg.p65,IMMEDIATE,49197
62,tutorprg.p65,ABSOLUTE,49199
63,tutorprg.p65,ABSOLUTE,49202
65,tutorprg.p65,ABSOLUTE,49205
66,tutorprg.p65,ABSOLUTE,49208
67,tutorprg.p65,ABSOLUTE,49211
71,tutorprg.p65,IMMEDIATE,49214
72,tutorprg.p65,ABSOLUTE,49216
73,tutorprg.p65,IMMEDIATE,49219
74,tutorprg.p65,ABSOLUTE,49221
76,tutorprg.p65,IMPLIED,49224
79,tutorprg.p65,LABEL,49225
79,tutorprg.p65,ABSOLUTE,49225
81,tutorprg.p65,LABEL,49228
82,tutorprg.p65,ABSOLUTE,49228
83,tutorprg.p65,ABSOLUTE,49231
84,tutorprg.p65,ABSOLUTE,49234
85,tutorprg.p65,ABSOLUTE,49237
86,tutorprg.p65,IMPLIED,49240
88,tutorprg.p65,LABEL,49241
90,tutorprg.p65,IMMEDIATE,49241
91,tutorprg.p65,ZERO-PAGE,49243
92,tutorprg.p65,IMPLIED,49245
94,tutorprg.p65,LABEL,49246
96,tutorprg.p65,IMMEDIATE,49246
97,tutorprg.p65,ABSOLUTE,49248
98,tutorprg.p65,IMMEDIATE,49251
99,tutorprg.p65,ABSOLUTE,49253
100,tutorprg.p65,IMMEDIATE,49256
101,tutorprg.p65,ABSOLUTE,49258
102,tutorprg.p65,IMPLIED,49261
104,tutorprg.p65,LABEL,49262
106,tutorprg.p65,IMMEDIATE,49262
107,tutorprg.p65,IMMEDIATE,49264
108,tutorprg.p65,LABEL,49266
108,tutorprg.p65,ABSOLUTE-X,49266
109,tutorprg.p65,IMPLIED,49269
110,tutorprg.p65,RELATIVE,49270
113,tutorprg.p65,IMMEDIATE,49272
114,tutorprg.p65,ABSOLUTE,49274
115,tutorprg.p65,IMMEDIATE,49277
116,tutorprg.p65,ABSOLUTE,49279
117,tutorprg.p65,ABSOLUTE,49282
121,tutorprg.p65,IMMEDIATE,49285
122,tutorprg.p65,ZERO-PAGE,49287
123,tutorprg.p65,IMPLIED,49289
126,tutorprg.p65,LABEL,49290
127,tutorprg.p65,IMMEDIATE,49290
128,tutorprg.p65,IMMEDIATE,49292
129,tutorprg.p65,ABSOLUTE,49294
130,tutorprg.p65,ABSOLUTE,49297
131,tutorprg.p65,LABEL,49300
131,tutorprg.p65,ABSOLUTE-X,49300
132,tutorprg.p65,ABSOLUTE,49303
133,tutorprg.p65,IMPLIED,49306
134,tutorprg.p65,IMMEDIATE,49307
135,tutorprg.p65,RELATIVE,49309
136,tutorprg.p65,IMPLIED,49311
138,tutorprg.p65,LABEL,49312
140,tutorprg.p65,IMMEDIATE,49312
141,tutorprg.p65,IMMEDIATE,49314
142,tutorprg.p65,IMMEDIATE,49316
143,tutorprg.p65,ZERO-PAGE,49318
144,tutorprg.p65,IMMEDIATE,49320
145,tutorprg.p65,ZERO-PAGE,49322
146,tutorprg.p65,IMMEDIATE,49324
147,tutorprg.p65,ABSOLUTE,49326
148,tutorprg.p65,IMMEDIATE,49329
149,tutorprg.p65,ABSOLUTE,49331
150,tutorprg.p65,LABEL,49334
150,tutorprg.p65,INDIRECT-Y,49334
151,tutorprg.p65,ABSOLUTE,49336
152,tutorprg.p65,IMPLIED,49339
153,tutorprg.p65,RELATIVE,49340
154,tutorprg.p65,ZERO-PAGE,49342
155,tutorprg.p65,IMPLIED,49344
156,tutorprg.p65,RELATIVE,49345
159,tutorprg.p65,IMMEDIATE,49347
160,tutorprg.p65,IMMEDIATE,49349
161,tutorprg.p65,IMMEDIATE,49351
162,tutorprg.p65,LABEL,49353
162,tutorprg.p65,ABSOLUTE,49353
163,tutorprg.p65,IMPLIED,49356
164,tutorprg.p65,RELATIVE,49357
165,tutorprg.p65,IMPLIED,49359
166,tutorprg.p65,RELATIVE,49360
167,tutorprg.p65,IMPLIED,49362
169,tutorprg.p65,LABEL,49363
170,tutorprg.p65,IMMEDIATE,49363
171,tutorprg.p65,ZERO-PAGE,49365
172,tutorprg.p65,IMPLIED,49367
174,tutorprg.p65,LABEL,49368
175,tutorprg.p65,IMMEDIATE,49368
176,tutorprg.p65,ABSOLUTE,49370
178,tutorprg.p65,ABSOLUTE,49373
179,tutorprg.p65,RELATIVE,49376
180,tutorprg.p65,IMMEDIATE,49378
181,tutorprg.p65,RELATIVE,49380
183,tutorprg.p65,IMMEDIATE,49382
184,tutorprg.p65,ZERO-PAGE,49384
185,tutorprg.p65,ABSOLUTE,49386
186,tutorprg.p65,ABSOLUTE,49389
187,tutorprg.p65,LABEL,49392
188,tutorprg.p65,IMMEDIATE,49392
189,tutorprg.p65,ZERO-PAGE,49394
190,tutorprg.p65,ABSOLUTE,49396
192,tutorprg.p65,LABEL,49399
193,tutorprg.p65,IMPLIED,49399
194,tutorprg.p65,ZERO-PAGE,49400
195,tutorprg.p65,ABSOLUTE,49402
196,tutorprg.p65,IMPLIED,49405
198,tutorprg.p65,LABEL,49406
199,tutorprg.p65,IMMEDIATE,49406
200,tutorprg.p65,ABSOLUTE,49408
201,tutorprg.p65,IMMEDIATE,49411
202,tutorprg.p65,ABSOLUTE,49413
204,tutorprg.p65,ABSOLUTE,49416
205,tutorprg.p65,IMMEDIATE,49419
206,tutorprg.p65,RELATIVE,49421
207,tutorprg.p65,ZERO-PAGE,49423
208,tutorprg.p65,RELATIVE,49425
209,tutorprg.p65,ZERO-PAGE,49427
210,tutorprg.p65,ABSOLUTE,49429
211,tutorprg.p65,ABSOLUTE,49432
212,tutorprg.p65,LABEL,49435
212,tutorprg.p65,ZERO-PAGE,49435
213,tutorprg.p65,LABEL,49437
213,tutorprg.p65,ABSOLUTE,49437
214,tutorprg.p65,ABSOLUTE,49440
215,tutorprg.p65,ABSOLUTE,49443
216,tutorprg.p65,ABSOLUTE,49446
217,tutorprg.p65,IMMEDIATE,49449
218,tutorprg.p65,RELATIVE,49451
219,tutorprg.p65,ABSOLUTE,49453
220,tutorprg.p65,IMMEDIATE,49456
221,tutorprg.p65,RELATIVE,49458
222,tutorprg.p65,IMPLIED,49460
223,tutorprg.p65,ABSOLUTE,49461
224,tutorprg.p65,LABEL,49464
224,tutorprg.p65,ABSOLUTE,49464
225,tutorprg.p65,IMMEDIATE,49467
226,tutorprg.p65,RELATIVE,49469
227,tutorprg.p65,ABSOLUTE,49471
228,tutorprg.p65,IMMEDIATE,49474
229,tutorprg.p65,RELATIVE,49476
230,tutorprg.p65,IMPLIED,49478
231,tutorprg.p65,ABSOLUTE,49479
232,tutorprg.p65,LABEL,49482
232,tutorprg.p65,IMPLIED,49482
234,tutorprg.p65,LABEL,49483
235,tutorprg.p65,IMMEDIATE,49483
236,tutorprg.p65,ZERO-PAGE,49485
237,tutorprg.p65,IMPLIED,49487
238,tutorprg.p65,IMMEDIATE,49488
239,tutorprg.p65,ZERO-PAGE,49490
240,tutorprg.p65,ABSOLUTE,49492
241,tutorprg.p65,IMPLIED,49495
243,tutorprg.p65,LABEL,49496
244,tutorprg.p65,IMMEDIATE,49496
245,tutorprg.p65,ABSOLUTE,49498
246,tutorprg.p65,ABSOLUTE,49501
248,tutorprg.p65,ZERO-PAGE,49504
249,tutorprg.p65,RELATIVE,49506
250,tutorprg.p65,IMPLIED,49508
251,tutorprg.p65,ZERO-PAGE,49509
252,tutorprg.p65,IMMEDIATE,49511
253,tutorprg.p65,ABSOLUTE,49513
254,tutorprg.p65,ABSOLUTE,49516
256,tutorprg.p65,LABEL,49519
257,tutorprg.p65,IMPLIED,49519
259,tutorprg.p65,LABEL,49520
260,tutorprg.p65,IMPLIED,49520
261,tutorprg.p65,IMMEDIATE,49521
262,tutorprg.p65,ABSOLUTE,49523
263,tutorprg.p65,IMMEDIATE,49526
264,tutorprg.p65,ABSOLUTE,49528
265,tutorprg.p65,IMMEDIATE,49531
266,tutorprg.p65,ABSOLUTE,49533
267,tutorprg.p65,IMPLIED,49536
268,tutorprg.p65,IMPLIED,49537
270,tutorprg.p65,LABEL,49538
271,tutorprg.p65,IMPLIED,49538
272,tutorprg.p65,IMMEDIATE,49539
273,tutorprg.p65,ABSOLUTE,49541
274,tutorprg.p65,IMMEDIATE,49544
275,tutorprg.p65,ABSOLUTE,49546
276,tutorprg.p65,IMMEDIATE,49549
277,tutorprg.p65,ABSOLUTE,49551
278,tutorprg.p65,IMPLIED,49554
279,tutorprg.p65,IMPLIED,49555
281,tutorprg.p65,LABEL,49556
281,tutorprg.p65,ABSOLUTE,49556
282,tutorprg.p65,ABSOLUTE,49559
283,tutorprg.p65,ABSOLUTE,49562
284,tutorprg.p65,LABEL,49565
284,tutorprg.p65,IMPLIED,49565
287,tutorprg.p65,LABEL,49566
288,tutorprg.p65,BYTE,49566
289,tutorprg.p65,BYTE,49582
292,tutorprg.p65,LABEL,49598
293,tutorprg.p65,BYTE,49598
294,tutorprg.p65,BYTE,49630
295,tutorprg.p65,BYTE,49662
296,tutorprg.p65,BYTE,49694
297,tutorprg.p65,BYTE,49726
298,tutorprg.p65,BYTE,49758
299,tutorprg.p65,BYTE,49790
300,tutorprg.p65,BYTE,49822
301,tutorprg.p65,BYTE,49854
302,tutorprg.p65,BYTE,49886
303,tutorprg.p65,BYTE,49918
304,tutorprg.p65,BYTE,49950
305,tutorprg.p65,BYTE,49982
306,tutorprg.p65,BYTE,50014
307,tutorprg.p65,BYTE,50046
308,tutorprg.p65,BYTE,50078
309,tutorprg.p65,BYTE,50110
310,tutorprg.p65,BYTE,50142
311,tutorprg.p65,BYTE,50174
312,tutorprg.p65,BYTE,50206
313,tutorprg.p65,BYTE,50238
314,tutorprg.p65,BYTE,50270
315,tutorprg.p65,BYTE,50302
316,tutorprg.p65,BYTE,50334
317,tutorprg.p65,BYTE,50366
318,tutorprg.p65,BYTE,50398
319,tutorprg.p65,BYTE,50430
320,tutorprg.p65,BYTE,50462
321,tutorprg.p65,BYTE,50494
322,tutorprg.p65,BYTE,50526
324,tutorprg.p65,BYTE,50540
325,tutorprg.p65,BYTE,50556
326,tutorprg.p65,BYTE,50572
327,tutorprg.p65,BYTE,50588
329,tutorprg.p65,ADVANCE,50604
330,tutorprg.p65,WORD,65530
8,tutorchr.p65,SETPC,65536
18,tutorchr.p65,ADVANCE,0
19,tutorchr.p65,BYTE,512
20,tutorchr.p65,BYTE,528
21,tutorchr.p65,BYTE,544
22,tutorchr.p65,BYTE,560
23,tutorchr.p65,BYTE,576
24,tutorchr.p65,BYTE,592
25,tutorchr.p65,BYTE,608
26,tutorchr.p65,BYTE,624
27,tutorchr.p65,BYTE,640
28,tutorchr.p65,BYTE,656
29,tutorchr.p65,BYTE,672
30,tutorchr.p65,BYTE,688
31,tutorchr.p65,BYTE,704
32,tutorchr.p65,BYTE,720
33,tutorchr.p65,BYTE,736
34,tutorchr.p65,BYTE,752
35,tutorchr.p65,BYTE,768
36,tutorchr.p65,BYTE,784
37,tutorchr.p65,BYTE,800
38,tutorchr.p65,BYTE,816
39,tutorchr.p65,BYTE,832
40,tutorchr.p65,BYTE,848
41,tutorchr.p65,BYTE,864
42,tutorchr.p65,BYTE,880
43,tutorchr.p65,BYTE,896
44,tutorchr.p65,BYTE,912
45,tutorchr.p65,BYTE,928
46,tutorchr.p65,BYTE,944
47,tutorchr.p65,BYTE,960
48,tutorchr.p65,BYTE,976
49,tutorchr.p65,BYTE,992
50,tutorchr.p65,BYTE,1008
51,tutorchr.p65,BYTE,1024
52,tutorchr.p65,BYTE,1040
53,tutorchr.p65,BYTE,1056
54,tutorchr.p65,BYTE,1072
55,tutorchr.p65,BYTE,1088
56,tutorchr.p65,BYTE,1104
57,tutorchr.p65,BYTE,1120
58,tutorchr.p65,BYTE,1136
59,tutorchr.p65,BYTE,1152
60,tutorchr.p65,BYTE,1168
61,tutorchr.p65,BYTE,1184
62,tutorchr.p65,BYTE,1200
63,tutorchr.p65,BYTE,1216
64,tutorchr.p65,BYTE,1232
65,tutorchr.p65,BYTE,1248
66,tutorchr.p65,BYTE,1264
67,tutorchr.p65,BYTE,1280
68,tutorchr.p65,BYTE,1296
69,tutorchr.p65,BYTE,1312
70,tutorchr.p65,BYTE,1328
71,tutorchr.p65,BYTE,1344
72,tutorchr.p65,BYTE,1360
73,tutorchr.p65,BYTE,1376
74,tutorchr.p65,BYTE,1392
75,tutorchr.p65,BYTE,1408
76,tutorchr.p65,BYTE,1424
77,tutorchr.p65,BYTE,1440
78,tutorchr.p65,BYTE,1456
79,tutorchr.p65,BYTE,1472
80,tutorchr.p65,BYTE,1488
81,tutorchr.p65,BYTE,1504
82,tutorchr.p65,BYTE,1520
85,tutorchr.p65,ADVANCE,1536
90,tutorchr.p65,BYTE,4096
91,tutorchr.p65,BYTE,4112
95,tutorchr.p65,ADVANCE,4128
